<?xml version="1.0" encoding="utf-8"?>
<CoverageSession>
  <Summary numSequencePoints="472" visitedSequencePoints="175" numBranchPoints="22" visitedBranchPoints="3" sequenceCoverage="37.07" branchCoverage="13.63" maxCyclomaticComplexity="71" minCyclomaticComplexity="0" visitedClasses="8" numClasses="33" visitedMethods="24" numMethods="106" />
  <Modules>
    <Module hash="A73CBAF9-E55E-49AA-8854-E0529318B7D2">
      <ModulePath>Films.Infrastructure.dll</ModulePath>
      <ModuleTime>2026-02-19T04:28:00</ModuleTime>
      <ModuleName>Films.Infrastructure</ModuleName>
      <Files>
        <File uid="1" fullPath="/modernize-data/studio-data/TNT1001/APP1412/transformed-code/65/studio-workspace/dotnetTest/src/Films.Infrastructure/Services/ActorService.cs" />
        <File uid="2" fullPath="/modernize-data/studio-data/TNT1001/APP1412/transformed-code/65/studio-workspace/dotnetTest/src/Films.Infrastructure/Services/FilmService.cs" />
        <File uid="3" fullPath="/modernize-data/studio-data/TNT1001/APP1412/transformed-code/65/studio-workspace/dotnetTest/src/Films.Infrastructure/Services/UserService.cs" />
        <File uid="4" fullPath="/modernize-data/studio-data/TNT1001/APP1412/transformed-code/65/studio-workspace/dotnetTest/src/Films.Infrastructure/Data/FilmsDbContext.cs" />
      </Files>
      <Classes>
        <Class>
          <Summary numSequencePoints="5" visitedSequencePoints="0" numBranchPoints="4" visitedBranchPoints="0" sequenceCoverage="0" branchCoverage="0" maxCyclomaticComplexity="4" minCyclomaticComplexity="4" visitedClasses="0" numClasses="1" visitedMethods="0" numMethods="1" />
          <FullName>Films.Infrastructure.Services.ActorService</FullName>
          <Methods>
            <Method cyclomaticComplexity="4" nPathComplexity="4" sequenceCoverage="0" branchCoverage="0" isConstructor="True" isGetter="False" isSetter="False" isStatic="True">
              <Summary numSequencePoints="5" visitedSequencePoints="0" numBranchPoints="4" visitedBranchPoints="0" sequenceCoverage="0" branchCoverage="0" maxCyclomaticComplexity="4" minCyclomaticComplexity="4" visitedClasses="0" numClasses="0" visitedMethods="0" numMethods="1" />
              <MetadataToken />
              <Name>System.Void Films.Infrastructure.Services.ActorService::.ctor(Films.Infrastructure.Data.FilmsDbContext,Microsoft.Extensions.Logging.ILogger`1&lt;Films.Infrastructure.Services.ActorService&gt;)</Name>
              <FileRef uid="1" />
              <SequencePoints>
                <SequencePoint vc="0" uspid="17" ordinal="0" sl="17" sc="1" el="17" ec="2" bec="0" bev="0" fileid="1" />
                <SequencePoint vc="0" uspid="18" ordinal="1" sl="18" sc="1" el="18" ec="2" bec="0" bev="0" fileid="1" />
                <SequencePoint vc="0" uspid="19" ordinal="2" sl="19" sc="1" el="19" ec="2" bec="2" bev="0" fileid="1" />
                <SequencePoint vc="0" uspid="20" ordinal="3" sl="20" sc="1" el="20" ec="2" bec="2" bev="0" fileid="1" />
                <SequencePoint vc="0" uspid="21" ordinal="4" sl="21" sc="1" el="21" ec="2" bec="0" bev="0" fileid="1" />
              </SequencePoints>
              <BranchPoints>
                <BranchPoint vc="0" uspid="19" ordinal="0" path="0" offset="11" offsetend="13" sl="19" fileid="1" />
                <BranchPoint vc="0" uspid="19" ordinal="1" path="1" offset="11" offsetend="25" sl="19" fileid="1" />
                <BranchPoint vc="0" uspid="20" ordinal="2" path="0" offset="33" offsetend="35" sl="20" fileid="1" />
                <BranchPoint vc="0" uspid="20" ordinal="3" path="1" offset="33" offsetend="47" sl="20" fileid="1" />
              </BranchPoints>
              <MethodPoint vc="0" uspid="0" p8:type="SequencePoint" ordinal="0" offset="0" sc="0" sl="17" ec="1" el="21" bec="0" bev="0" fileid="1" xmlns:p8="xsi" />
            </Method>
          </Methods>
        </Class>
        <Class>
          <Summary numSequencePoints="13" visitedSequencePoints="0" numBranchPoints="0" visitedBranchPoints="0" sequenceCoverage="0" branchCoverage="100" maxCyclomaticComplexity="1" minCyclomaticComplexity="1" visitedClasses="0" numClasses="1" visitedMethods="0" numMethods="1" />
          <FullName>Films.Infrastructure.Services.ActorService/&lt;CreateActorAsync&gt;d__5</FullName>
          <Methods>
            <Method cyclomaticComplexity="1" nPathComplexity="1" sequenceCoverage="0" branchCoverage="100" isConstructor="True" isGetter="False" isSetter="False" isStatic="True">
              <Summary numSequencePoints="13" visitedSequencePoints="0" numBranchPoints="0" visitedBranchPoints="0" sequenceCoverage="0" branchCoverage="100" maxCyclomaticComplexity="1" minCyclomaticComplexity="1" visitedClasses="0" numClasses="0" visitedMethods="0" numMethods="1" />
              <MetadataToken />
              <Name>System.Void Films.Infrastructure.Services.ActorService/&lt;CreateActorAsync&gt;d__5::MoveNext()</Name>
              <FileRef uid="1" />
              <SequencePoints>
                <SequencePoint vc="0" uspid="58" ordinal="0" sl="58" sc="1" el="58" ec="2" bec="0" bev="0" fileid="1" />
                <SequencePoint vc="0" uspid="60" ordinal="1" sl="60" sc="1" el="60" ec="2" bec="0" bev="0" fileid="1" />
                <SequencePoint vc="0" uspid="61" ordinal="2" sl="61" sc="1" el="61" ec="2" bec="0" bev="0" fileid="1" />
                <SequencePoint vc="0" uspid="62" ordinal="3" sl="62" sc="1" el="62" ec="2" bec="0" bev="0" fileid="1" />
                <SequencePoint vc="0" uspid="63" ordinal="4" sl="63" sc="1" el="63" ec="2" bec="0" bev="0" fileid="1" />
                <SequencePoint vc="0" uspid="64" ordinal="5" sl="64" sc="1" el="64" ec="2" bec="0" bev="0" fileid="1" />
                <SequencePoint vc="0" uspid="65" ordinal="6" sl="65" sc="1" el="65" ec="2" bec="0" bev="0" fileid="1" />
                <SequencePoint vc="0" uspid="66" ordinal="7" sl="66" sc="1" el="66" ec="2" bec="0" bev="0" fileid="1" />
                <SequencePoint vc="0" uspid="68" ordinal="8" sl="68" sc="1" el="68" ec="2" bec="0" bev="0" fileid="1" />
                <SequencePoint vc="0" uspid="69" ordinal="9" sl="69" sc="1" el="69" ec="2" bec="0" bev="0" fileid="1" />
                <SequencePoint vc="0" uspid="70" ordinal="10" sl="70" sc="1" el="70" ec="2" bec="0" bev="0" fileid="1" />
                <SequencePoint vc="0" uspid="71" ordinal="11" sl="71" sc="1" el="71" ec="2" bec="0" bev="0" fileid="1" />
                <SequencePoint vc="0" uspid="73" ordinal="12" sl="73" sc="1" el="73" ec="2" bec="0" bev="0" fileid="1" />
              </SequencePoints>
              <BranchPoints />
              <MethodPoint vc="0" uspid="0" p8:type="SequencePoint" ordinal="0" offset="0" sc="0" sl="58" ec="1" el="73" bec="0" bev="0" fileid="1" xmlns:p8="xsi" />
            </Method>
          </Methods>
        </Class>
        <Class>
          <Summary numSequencePoints="17" visitedSequencePoints="0" numBranchPoints="2" visitedBranchPoints="0" sequenceCoverage="0" branchCoverage="0" maxCyclomaticComplexity="2" minCyclomaticComplexity="2" visitedClasses="0" numClasses="1" visitedMethods="0" numMethods="1" />
          <FullName>Films.Infrastructure.Services.ActorService/&lt;DeleteActorAsync&gt;d__7</FullName>
          <Methods>
            <Method cyclomaticComplexity="2" nPathComplexity="2" sequenceCoverage="0" branchCoverage="0" isConstructor="True" isGetter="False" isSetter="False" isStatic="True">
              <Summary numSequencePoints="17" visitedSequencePoints="0" numBranchPoints="2" visitedBranchPoints="0" sequenceCoverage="0" branchCoverage="0" maxCyclomaticComplexity="2" minCyclomaticComplexity="2" visitedClasses="0" numClasses="0" visitedMethods="0" numMethods="1" />
              <MetadataToken />
              <Name>System.Void Films.Infrastructure.Services.ActorService/&lt;DeleteActorAsync&gt;d__7::MoveNext()</Name>
              <FileRef uid="1" />
              <SequencePoints>
                <SequencePoint vc="0" uspid="94" ordinal="0" sl="94" sc="1" el="94" ec="2" bec="0" bev="0" fileid="1" />
                <SequencePoint vc="0" uspid="96" ordinal="1" sl="96" sc="1" el="96" ec="2" bec="0" bev="0" fileid="1" />
                <SequencePoint vc="0" uspid="97" ordinal="2" sl="97" sc="1" el="97" ec="2" bec="0" bev="0" fileid="1" />
                <SequencePoint vc="0" uspid="98" ordinal="3" sl="98" sc="1" el="98" ec="2" bec="0" bev="0" fileid="1" />
                <SequencePoint vc="0" uspid="99" ordinal="4" sl="99" sc="1" el="99" ec="2" bec="2" bev="0" fileid="1" />
                <SequencePoint vc="0" uspid="100" ordinal="5" sl="100" sc="1" el="100" ec="2" bec="0" bev="0" fileid="1" />
                <SequencePoint vc="0" uspid="101" ordinal="6" sl="101" sc="1" el="101" ec="2" bec="0" bev="0" fileid="1" />
                <SequencePoint vc="0" uspid="102" ordinal="7" sl="102" sc="1" el="102" ec="2" bec="0" bev="0" fileid="1" />
                <SequencePoint vc="0" uspid="105" ordinal="8" sl="105" sc="1" el="105" ec="2" bec="0" bev="0" fileid="1" />
                <SequencePoint vc="0" uspid="106" ordinal="9" sl="106" sc="1" el="106" ec="2" bec="0" bev="0" fileid="1" />
                <SequencePoint vc="0" uspid="107" ordinal="10" sl="107" sc="1" el="107" ec="2" bec="0" bev="0" fileid="1" />
                <SequencePoint vc="0" uspid="108" ordinal="11" sl="108" sc="1" el="108" ec="2" bec="0" bev="0" fileid="1" />
                <SequencePoint vc="0" uspid="110" ordinal="12" sl="110" sc="1" el="110" ec="2" bec="0" bev="0" fileid="1" />
                <SequencePoint vc="0" uspid="111" ordinal="13" sl="111" sc="1" el="111" ec="2" bec="0" bev="0" fileid="1" />
                <SequencePoint vc="0" uspid="112" ordinal="14" sl="112" sc="1" el="112" ec="2" bec="0" bev="0" fileid="1" />
                <SequencePoint vc="0" uspid="113" ordinal="15" sl="113" sc="1" el="113" ec="2" bec="0" bev="0" fileid="1" />
                <SequencePoint vc="0" uspid="115" ordinal="16" sl="115" sc="1" el="115" ec="2" bec="0" bev="0" fileid="1" />
              </SequencePoints>
              <BranchPoints>
                <BranchPoint vc="0" uspid="99" ordinal="0" path="0" offset="253" offsetend="255" sl="99" fileid="1" />
                <BranchPoint vc="0" uspid="99" ordinal="1" path="1" offset="253" offsetend="305" sl="99" fileid="1" />
              </BranchPoints>
              <MethodPoint vc="0" uspid="0" p8:type="SequencePoint" ordinal="0" offset="0" sc="0" sl="94" ec="1" el="115" bec="0" bev="0" fileid="1" xmlns:p8="xsi" />
            </Method>
          </Methods>
        </Class>
        <Class>
          <Summary numSequencePoints="12" visitedSequencePoints="0" numBranchPoints="0" visitedBranchPoints="0" sequenceCoverage="0" branchCoverage="100" maxCyclomaticComplexity="1" minCyclomaticComplexity="1" visitedClasses="0" numClasses="1" visitedMethods="0" numMethods="1" />
          <FullName>Films.Infrastructure.Services.ActorService/&lt;GetActorByIdAsync&gt;d__4</FullName>
          <Methods>
            <Method cyclomaticComplexity="1" nPathComplexity="1" sequenceCoverage="0" branchCoverage="100" isConstructor="True" isGetter="False" isSetter="False" isStatic="True">
              <Summary numSequencePoints="12" visitedSequencePoints="0" numBranchPoints="0" visitedBranchPoints="0" sequenceCoverage="0" branchCoverage="100" maxCyclomaticComplexity="1" minCyclomaticComplexity="1" visitedClasses="0" numClasses="0" visitedMethods="0" numMethods="1" />
              <MetadataToken />
              <Name>System.Void Films.Infrastructure.Services.ActorService/&lt;GetActorByIdAsync&gt;d__4::MoveNext()</Name>
              <FileRef uid="1" />
              <SequencePoints>
                <SequencePoint vc="0" uspid="41" ordinal="0" sl="41" sc="1" el="41" ec="2" bec="0" bev="0" fileid="1" />
                <SequencePoint vc="0" uspid="43" ordinal="1" sl="43" sc="1" el="43" ec="2" bec="0" bev="0" fileid="1" />
                <SequencePoint vc="0" uspid="44" ordinal="2" sl="44" sc="1" el="44" ec="2" bec="0" bev="0" fileid="1" />
                <SequencePoint vc="0" uspid="45" ordinal="3" sl="45" sc="1" el="45" ec="2" bec="0" bev="0" fileid="1" />
                <SequencePoint vc="0" uspid="46" ordinal="4" sl="46" sc="1" el="46" ec="2" bec="0" bev="0" fileid="1" />
                <SequencePoint vc="0" uspid="47" ordinal="5" sl="47" sc="1" el="47" ec="2" bec="0" bev="0" fileid="1" />
                <SequencePoint vc="0" uspid="48" ordinal="6" sl="48" sc="1" el="48" ec="2" bec="0" bev="0" fileid="1" />
                <SequencePoint vc="0" uspid="50" ordinal="7" sl="50" sc="1" el="50" ec="2" bec="0" bev="0" fileid="1" />
                <SequencePoint vc="0" uspid="51" ordinal="8" sl="51" sc="1" el="51" ec="2" bec="0" bev="0" fileid="1" />
                <SequencePoint vc="0" uspid="52" ordinal="9" sl="52" sc="1" el="52" ec="2" bec="0" bev="0" fileid="1" />
                <SequencePoint vc="0" uspid="53" ordinal="10" sl="53" sc="1" el="53" ec="2" bec="0" bev="0" fileid="1" />
                <SequencePoint vc="0" uspid="55" ordinal="11" sl="55" sc="1" el="55" ec="2" bec="0" bev="0" fileid="1" />
              </SequencePoints>
              <BranchPoints />
              <MethodPoint vc="0" uspid="0" p8:type="SequencePoint" ordinal="0" offset="0" sc="0" sl="41" ec="1" el="55" bec="0" bev="0" fileid="1" xmlns:p8="xsi" />
            </Method>
          </Methods>
        </Class>
        <Class>
          <Summary numSequencePoints="12" visitedSequencePoints="0" numBranchPoints="0" visitedBranchPoints="0" sequenceCoverage="0" branchCoverage="100" maxCyclomaticComplexity="1" minCyclomaticComplexity="1" visitedClasses="0" numClasses="1" visitedMethods="0" numMethods="1" />
          <FullName>Films.Infrastructure.Services.ActorService/&lt;GetAllActorsAsync&gt;d__3</FullName>
          <Methods>
            <Method cyclomaticComplexity="1" nPathComplexity="1" sequenceCoverage="0" branchCoverage="100" isConstructor="True" isGetter="False" isSetter="False" isStatic="True">
              <Summary numSequencePoints="12" visitedSequencePoints="0" numBranchPoints="0" visitedBranchPoints="0" sequenceCoverage="0" branchCoverage="100" maxCyclomaticComplexity="1" minCyclomaticComplexity="1" visitedClasses="0" numClasses="0" visitedMethods="0" numMethods="1" />
              <MetadataToken />
              <Name>System.Void Films.Infrastructure.Services.ActorService/&lt;GetAllActorsAsync&gt;d__3::MoveNext()</Name>
              <FileRef uid="1" />
              <SequencePoints>
                <SequencePoint vc="0" uspid="24" ordinal="0" sl="24" sc="1" el="24" ec="2" bec="0" bev="0" fileid="1" />
                <SequencePoint vc="0" uspid="26" ordinal="1" sl="26" sc="1" el="26" ec="2" bec="0" bev="0" fileid="1" />
                <SequencePoint vc="0" uspid="27" ordinal="2" sl="27" sc="1" el="27" ec="2" bec="0" bev="0" fileid="1" />
                <SequencePoint vc="0" uspid="28" ordinal="3" sl="28" sc="1" el="28" ec="2" bec="0" bev="0" fileid="1" />
                <SequencePoint vc="0" uspid="29" ordinal="4" sl="29" sc="1" el="29" ec="2" bec="0" bev="0" fileid="1" />
                <SequencePoint vc="0" uspid="30" ordinal="5" sl="30" sc="1" el="30" ec="2" bec="0" bev="0" fileid="1" />
                <SequencePoint vc="0" uspid="31" ordinal="6" sl="31" sc="1" el="31" ec="2" bec="0" bev="0" fileid="1" />
                <SequencePoint vc="0" uspid="33" ordinal="7" sl="33" sc="1" el="33" ec="2" bec="0" bev="0" fileid="1" />
                <SequencePoint vc="0" uspid="34" ordinal="8" sl="34" sc="1" el="34" ec="2" bec="0" bev="0" fileid="1" />
                <SequencePoint vc="0" uspid="35" ordinal="9" sl="35" sc="1" el="35" ec="2" bec="0" bev="0" fileid="1" />
                <SequencePoint vc="0" uspid="36" ordinal="10" sl="36" sc="1" el="36" ec="2" bec="0" bev="0" fileid="1" />
                <SequencePoint vc="0" uspid="38" ordinal="11" sl="38" sc="1" el="38" ec="2" bec="0" bev="0" fileid="1" />
              </SequencePoints>
              <BranchPoints />
              <MethodPoint vc="0" uspid="0" p8:type="SequencePoint" ordinal="0" offset="0" sc="0" sl="24" ec="1" el="38" bec="0" bev="0" fileid="1" xmlns:p8="xsi" />
            </Method>
          </Methods>
        </Class>
        <Class>
          <Summary numSequencePoints="13" visitedSequencePoints="0" numBranchPoints="0" visitedBranchPoints="0" sequenceCoverage="0" branchCoverage="100" maxCyclomaticComplexity="1" minCyclomaticComplexity="1" visitedClasses="0" numClasses="1" visitedMethods="0" numMethods="1" />
          <FullName>Films.Infrastructure.Services.ActorService/&lt;SearchActorsAsync&gt;d__8</FullName>
          <Methods>
            <Method cyclomaticComplexity="1" nPathComplexity="1" sequenceCoverage="0" branchCoverage="100" isConstructor="True" isGetter="False" isSetter="False" isStatic="True">
              <Summary numSequencePoints="13" visitedSequencePoints="0" numBranchPoints="0" visitedBranchPoints="0" sequenceCoverage="0" branchCoverage="100" maxCyclomaticComplexity="1" minCyclomaticComplexity="1" visitedClasses="0" numClasses="0" visitedMethods="0" numMethods="1" />
              <MetadataToken />
              <Name>System.Void Films.Infrastructure.Services.ActorService/&lt;SearchActorsAsync&gt;d__8::MoveNext()</Name>
              <FileRef uid="1" />
              <SequencePoints>
                <SequencePoint vc="0" uspid="118" ordinal="0" sl="118" sc="1" el="118" ec="2" bec="0" bev="0" fileid="1" />
                <SequencePoint vc="0" uspid="120" ordinal="1" sl="120" sc="1" el="120" ec="2" bec="0" bev="0" fileid="1" />
                <SequencePoint vc="0" uspid="121" ordinal="2" sl="121" sc="1" el="121" ec="2" bec="0" bev="0" fileid="1" />
                <SequencePoint vc="0" uspid="122" ordinal="3" sl="122" sc="1" el="122" ec="2" bec="0" bev="0" fileid="1" />
                <SequencePoint vc="0" uspid="123" ordinal="4" sl="123" sc="1" el="123" ec="2" bec="0" bev="0" fileid="1" />
                <SequencePoint vc="0" uspid="124" ordinal="5" sl="124" sc="1" el="124" ec="2" bec="0" bev="0" fileid="1" />
                <SequencePoint vc="0" uspid="125" ordinal="6" sl="125" sc="1" el="125" ec="2" bec="0" bev="0" fileid="1" />
                <SequencePoint vc="0" uspid="126" ordinal="7" sl="126" sc="1" el="126" ec="2" bec="0" bev="0" fileid="1" />
                <SequencePoint vc="0" uspid="128" ordinal="8" sl="128" sc="1" el="128" ec="2" bec="0" bev="0" fileid="1" />
                <SequencePoint vc="0" uspid="129" ordinal="9" sl="129" sc="1" el="129" ec="2" bec="0" bev="0" fileid="1" />
                <SequencePoint vc="0" uspid="130" ordinal="10" sl="130" sc="1" el="130" ec="2" bec="0" bev="0" fileid="1" />
                <SequencePoint vc="0" uspid="131" ordinal="11" sl="131" sc="1" el="131" ec="2" bec="0" bev="0" fileid="1" />
                <SequencePoint vc="0" uspid="133" ordinal="12" sl="133" sc="1" el="133" ec="2" bec="0" bev="0" fileid="1" />
              </SequencePoints>
              <BranchPoints />
              <MethodPoint vc="0" uspid="0" p8:type="SequencePoint" ordinal="0" offset="0" sc="0" sl="118" ec="1" el="133" bec="0" bev="0" fileid="1" xmlns:p8="xsi" />
            </Method>
          </Methods>
        </Class>
        <Class>
          <Summary numSequencePoints="13" visitedSequencePoints="0" numBranchPoints="0" visitedBranchPoints="0" sequenceCoverage="0" branchCoverage="100" maxCyclomaticComplexity="1" minCyclomaticComplexity="1" visitedClasses="0" numClasses="1" visitedMethods="0" numMethods="1" />
          <FullName>Films.Infrastructure.Services.ActorService/&lt;UpdateActorAsync&gt;d__6</FullName>
          <Methods>
            <Method cyclomaticComplexity="1" nPathComplexity="1" sequenceCoverage="0" branchCoverage="100" isConstructor="True" isGetter="False" isSetter="False" isStatic="True">
              <Summary numSequencePoints="13" visitedSequencePoints="0" numBranchPoints="0" visitedBranchPoints="0" sequenceCoverage="0" branchCoverage="100" maxCyclomaticComplexity="1" minCyclomaticComplexity="1" visitedClasses="0" numClasses="0" visitedMethods="0" numMethods="1" />
              <MetadataToken />
              <Name>System.Void Films.Infrastructure.Services.ActorService/&lt;UpdateActorAsync&gt;d__6::MoveNext()</Name>
              <FileRef uid="1" />
              <SequencePoints>
                <SequencePoint vc="0" uspid="76" ordinal="0" sl="76" sc="1" el="76" ec="2" bec="0" bev="0" fileid="1" />
                <SequencePoint vc="0" uspid="78" ordinal="1" sl="78" sc="1" el="78" ec="2" bec="0" bev="0" fileid="1" />
                <SequencePoint vc="0" uspid="79" ordinal="2" sl="79" sc="1" el="79" ec="2" bec="0" bev="0" fileid="1" />
                <SequencePoint vc="0" uspid="80" ordinal="3" sl="80" sc="1" el="80" ec="2" bec="0" bev="0" fileid="1" />
                <SequencePoint vc="0" uspid="81" ordinal="4" sl="81" sc="1" el="81" ec="2" bec="0" bev="0" fileid="1" />
                <SequencePoint vc="0" uspid="82" ordinal="5" sl="82" sc="1" el="82" ec="2" bec="0" bev="0" fileid="1" />
                <SequencePoint vc="0" uspid="83" ordinal="6" sl="83" sc="1" el="83" ec="2" bec="0" bev="0" fileid="1" />
                <SequencePoint vc="0" uspid="84" ordinal="7" sl="84" sc="1" el="84" ec="2" bec="0" bev="0" fileid="1" />
                <SequencePoint vc="0" uspid="86" ordinal="8" sl="86" sc="1" el="86" ec="2" bec="0" bev="0" fileid="1" />
                <SequencePoint vc="0" uspid="87" ordinal="9" sl="87" sc="1" el="87" ec="2" bec="0" bev="0" fileid="1" />
                <SequencePoint vc="0" uspid="88" ordinal="10" sl="88" sc="1" el="88" ec="2" bec="0" bev="0" fileid="1" />
                <SequencePoint vc="0" uspid="89" ordinal="11" sl="89" sc="1" el="89" ec="2" bec="0" bev="0" fileid="1" />
                <SequencePoint vc="0" uspid="91" ordinal="12" sl="91" sc="1" el="91" ec="2" bec="0" bev="0" fileid="1" />
              </SequencePoints>
              <BranchPoints />
              <MethodPoint vc="0" uspid="0" p8:type="SequencePoint" ordinal="0" offset="0" sc="0" sl="76" ec="1" el="91" bec="0" bev="0" fileid="1" xmlns:p8="xsi" />
            </Method>
          </Methods>
        </Class>
        <Class>
          <Summary numSequencePoints="5" visitedSequencePoints="5" numBranchPoints="4" visitedBranchPoints="2" sequenceCoverage="100" branchCoverage="50" maxCyclomaticComplexity="4" minCyclomaticComplexity="4" visitedClasses="1" numClasses="1" visitedMethods="1" numMethods="1" />
          <FullName>Films.Infrastructure.Services.FilmService</FullName>
          <Methods>
            <Method cyclomaticComplexity="4" nPathComplexity="4" sequenceCoverage="100" branchCoverage="50" isConstructor="True" isGetter="False" isSetter="False" isStatic="True">
              <Summary numSequencePoints="5" visitedSequencePoints="5" numBranchPoints="4" visitedBranchPoints="2" sequenceCoverage="100" branchCoverage="50" maxCyclomaticComplexity="4" minCyclomaticComplexity="4" visitedClasses="0" numClasses="0" visitedMethods="1" numMethods="1" />
              <MetadataToken />
              <Name>System.Void Films.Infrastructure.Services.FilmService::.ctor(Films.Infrastructure.Data.FilmsDbContext,Microsoft.Extensions.Logging.ILogger`1&lt;Films.Infrastructure.Services.FilmService&gt;)</Name>
              <FileRef uid="2" />
              <SequencePoints>
                <SequencePoint vc="5" uspid="17" ordinal="0" sl="17" sc="1" el="17" ec="2" bec="0" bev="0" fileid="2" />
                <SequencePoint vc="5" uspid="18" ordinal="1" sl="18" sc="1" el="18" ec="2" bec="0" bev="0" fileid="2" />
                <SequencePoint vc="5" uspid="19" ordinal="2" sl="19" sc="1" el="19" ec="2" bec="2" bev="1" fileid="2" />
                <SequencePoint vc="5" uspid="20" ordinal="3" sl="20" sc="1" el="20" ec="2" bec="2" bev="1" fileid="2" />
                <SequencePoint vc="5" uspid="21" ordinal="4" sl="21" sc="1" el="21" ec="2" bec="0" bev="0" fileid="2" />
              </SequencePoints>
              <BranchPoints>
                <BranchPoint vc="0" uspid="19" ordinal="0" path="0" offset="11" offsetend="13" sl="19" fileid="2" />
                <BranchPoint vc="5" uspid="19" ordinal="1" path="1" offset="11" offsetend="25" sl="19" fileid="2" />
                <BranchPoint vc="0" uspid="20" ordinal="2" path="0" offset="33" offsetend="35" sl="20" fileid="2" />
                <BranchPoint vc="5" uspid="20" ordinal="3" path="1" offset="33" offsetend="47" sl="20" fileid="2" />
              </BranchPoints>
              <MethodPoint vc="5" uspid="0" p8:type="SequencePoint" ordinal="0" offset="0" sc="0" sl="17" ec="1" el="21" bec="0" bev="0" fileid="2" xmlns:p8="xsi" />
            </Method>
          </Methods>
        </Class>
        <Class>
          <Summary numSequencePoints="13" visitedSequencePoints="9" numBranchPoints="0" visitedBranchPoints="0" sequenceCoverage="69.23" branchCoverage="100" maxCyclomaticComplexity="1" minCyclomaticComplexity="1" visitedClasses="1" numClasses="1" visitedMethods="1" numMethods="1" />
          <FullName>Films.Infrastructure.Services.FilmService/&lt;CreateFilmAsync&gt;d__5</FullName>
          <Methods>
            <Method cyclomaticComplexity="1" nPathComplexity="1" sequenceCoverage="69.23" branchCoverage="100" isConstructor="False" isGetter="False" isSetter="False" isStatic="True">
              <Summary numSequencePoints="13" visitedSequencePoints="9" numBranchPoints="0" visitedBranchPoints="0" sequenceCoverage="69.23" branchCoverage="100" maxCyclomaticComplexity="1" minCyclomaticComplexity="1" visitedClasses="0" numClasses="0" visitedMethods="1" numMethods="1" />
              <MetadataToken />
              <Name>System.Void Films.Infrastructure.Services.FilmService/&lt;CreateFilmAsync&gt;d__5::MoveNext()</Name>
              <FileRef uid="2" />
              <SequencePoints>
                <SequencePoint vc="1" uspid="58" ordinal="0" sl="58" sc="1" el="58" ec="2" bec="0" bev="0" fileid="2" />
                <SequencePoint vc="1" uspid="60" ordinal="1" sl="60" sc="1" el="60" ec="2" bec="0" bev="0" fileid="2" />
                <SequencePoint vc="1" uspid="61" ordinal="2" sl="61" sc="1" el="61" ec="2" bec="0" bev="0" fileid="2" />
                <SequencePoint vc="1" uspid="62" ordinal="3" sl="62" sc="1" el="62" ec="2" bec="0" bev="0" fileid="2" />
                <SequencePoint vc="1" uspid="63" ordinal="4" sl="63" sc="1" el="63" ec="2" bec="0" bev="0" fileid="2" />
                <SequencePoint vc="1" uspid="64" ordinal="5" sl="64" sc="1" el="64" ec="2" bec="0" bev="0" fileid="2" />
                <SequencePoint vc="1" uspid="65" ordinal="6" sl="65" sc="1" el="65" ec="2" bec="0" bev="0" fileid="2" />
                <SequencePoint vc="1" uspid="66" ordinal="7" sl="66" sc="1" el="66" ec="2" bec="0" bev="0" fileid="2" />
                <SequencePoint vc="0" uspid="68" ordinal="8" sl="68" sc="1" el="68" ec="2" bec="0" bev="0" fileid="2" />
                <SequencePoint vc="0" uspid="69" ordinal="9" sl="69" sc="1" el="69" ec="2" bec="0" bev="0" fileid="2" />
                <SequencePoint vc="0" uspid="70" ordinal="10" sl="70" sc="1" el="70" ec="2" bec="0" bev="0" fileid="2" />
                <SequencePoint vc="0" uspid="71" ordinal="11" sl="71" sc="1" el="71" ec="2" bec="0" bev="0" fileid="2" />
                <SequencePoint vc="1" uspid="73" ordinal="12" sl="73" sc="1" el="73" ec="2" bec="0" bev="0" fileid="2" />
              </SequencePoints>
              <BranchPoints />
              <MethodPoint vc="9" uspid="0" p8:type="SequencePoint" ordinal="0" offset="0" sc="0" sl="58" ec="1" el="73" bec="0" bev="0" fileid="2" xmlns:p8="xsi" />
            </Method>
          </Methods>
        </Class>
        <Class>
          <Summary numSequencePoints="17" visitedSequencePoints="10" numBranchPoints="2" visitedBranchPoints="1" sequenceCoverage="58.82" branchCoverage="50" maxCyclomaticComplexity="2" minCyclomaticComplexity="2" visitedClasses="1" numClasses="1" visitedMethods="1" numMethods="1" />
          <FullName>Films.Infrastructure.Services.FilmService/&lt;DeleteFilmAsync&gt;d__7</FullName>
          <Methods>
            <Method cyclomaticComplexity="2" nPathComplexity="2" sequenceCoverage="58.82" branchCoverage="50" isConstructor="False" isGetter="False" isSetter="False" isStatic="True">
              <Summary numSequencePoints="17" visitedSequencePoints="10" numBranchPoints="2" visitedBranchPoints="1" sequenceCoverage="58.82" branchCoverage="50" maxCyclomaticComplexity="2" minCyclomaticComplexity="2" visitedClasses="0" numClasses="0" visitedMethods="1" numMethods="1" />
              <MetadataToken />
              <Name>System.Void Films.Infrastructure.Services.FilmService/&lt;DeleteFilmAsync&gt;d__7::MoveNext()</Name>
              <FileRef uid="2" />
              <SequencePoints>
                <SequencePoint vc="1" uspid="94" ordinal="0" sl="94" sc="1" el="94" ec="2" bec="0" bev="0" fileid="2" />
                <SequencePoint vc="1" uspid="96" ordinal="1" sl="96" sc="1" el="96" ec="2" bec="0" bev="0" fileid="2" />
                <SequencePoint vc="1" uspid="97" ordinal="2" sl="97" sc="1" el="97" ec="2" bec="0" bev="0" fileid="2" />
                <SequencePoint vc="1" uspid="98" ordinal="3" sl="98" sc="1" el="98" ec="2" bec="0" bev="0" fileid="2" />
                <SequencePoint vc="1" uspid="99" ordinal="4" sl="99" sc="1" el="99" ec="2" bec="2" bev="1" fileid="2" />
                <SequencePoint vc="0" uspid="100" ordinal="5" sl="100" sc="1" el="100" ec="2" bec="0" bev="0" fileid="2" />
                <SequencePoint vc="0" uspid="101" ordinal="6" sl="101" sc="1" el="101" ec="2" bec="0" bev="0" fileid="2" />
                <SequencePoint vc="0" uspid="102" ordinal="7" sl="102" sc="1" el="102" ec="2" bec="0" bev="0" fileid="2" />
                <SequencePoint vc="1" uspid="105" ordinal="8" sl="105" sc="1" el="105" ec="2" bec="0" bev="0" fileid="2" />
                <SequencePoint vc="1" uspid="106" ordinal="9" sl="106" sc="1" el="106" ec="2" bec="0" bev="0" fileid="2" />
                <SequencePoint vc="1" uspid="107" ordinal="10" sl="107" sc="1" el="107" ec="2" bec="0" bev="0" fileid="2" />
                <SequencePoint vc="1" uspid="108" ordinal="11" sl="108" sc="1" el="108" ec="2" bec="0" bev="0" fileid="2" />
                <SequencePoint vc="0" uspid="110" ordinal="12" sl="110" sc="1" el="110" ec="2" bec="0" bev="0" fileid="2" />
                <SequencePoint vc="0" uspid="111" ordinal="13" sl="111" sc="1" el="111" ec="2" bec="0" bev="0" fileid="2" />
                <SequencePoint vc="0" uspid="112" ordinal="14" sl="112" sc="1" el="112" ec="2" bec="0" bev="0" fileid="2" />
                <SequencePoint vc="0" uspid="113" ordinal="15" sl="113" sc="1" el="113" ec="2" bec="0" bev="0" fileid="2" />
                <SequencePoint vc="1" uspid="115" ordinal="16" sl="115" sc="1" el="115" ec="2" bec="0" bev="0" fileid="2" />
              </SequencePoints>
              <BranchPoints>
                <BranchPoint vc="0" uspid="99" ordinal="0" path="0" offset="253" offsetend="255" sl="99" fileid="2" />
                <BranchPoint vc="1" uspid="99" ordinal="1" path="1" offset="253" offsetend="305" sl="99" fileid="2" />
              </BranchPoints>
              <MethodPoint vc="10" uspid="0" p8:type="SequencePoint" ordinal="0" offset="0" sc="0" sl="94" ec="1" el="115" bec="0" bev="0" fileid="2" xmlns:p8="xsi" />
            </Method>
          </Methods>
        </Class>
        <Class>
          <Summary numSequencePoints="12" visitedSequencePoints="8" numBranchPoints="0" visitedBranchPoints="0" sequenceCoverage="66.66" branchCoverage="100" maxCyclomaticComplexity="1" minCyclomaticComplexity="1" visitedClasses="1" numClasses="1" visitedMethods="1" numMethods="1" />
          <FullName>Films.Infrastructure.Services.FilmService/&lt;GetAllFilmsAsync&gt;d__3</FullName>
          <Methods>
            <Method cyclomaticComplexity="1" nPathComplexity="1" sequenceCoverage="66.66" branchCoverage="100" isConstructor="False" isGetter="False" isSetter="False" isStatic="True">
              <Summary numSequencePoints="12" visitedSequencePoints="8" numBranchPoints="0" visitedBranchPoints="0" sequenceCoverage="66.66" branchCoverage="100" maxCyclomaticComplexity="1" minCyclomaticComplexity="1" visitedClasses="0" numClasses="0" visitedMethods="1" numMethods="1" />
              <MetadataToken />
              <Name>System.Void Films.Infrastructure.Services.FilmService/&lt;GetAllFilmsAsync&gt;d__3::MoveNext()</Name>
              <FileRef uid="2" />
              <SequencePoints>
                <SequencePoint vc="1" uspid="24" ordinal="0" sl="24" sc="1" el="24" ec="2" bec="0" bev="0" fileid="2" />
                <SequencePoint vc="1" uspid="26" ordinal="1" sl="26" sc="1" el="26" ec="2" bec="0" bev="0" fileid="2" />
                <SequencePoint vc="1" uspid="27" ordinal="2" sl="27" sc="1" el="27" ec="2" bec="0" bev="0" fileid="2" />
                <SequencePoint vc="1" uspid="28" ordinal="3" sl="28" sc="1" el="28" ec="2" bec="0" bev="0" fileid="2" />
                <SequencePoint vc="1" uspid="29" ordinal="4" sl="29" sc="1" el="29" ec="2" bec="0" bev="0" fileid="2" />
                <SequencePoint vc="1" uspid="30" ordinal="5" sl="30" sc="1" el="30" ec="2" bec="0" bev="0" fileid="2" />
                <SequencePoint vc="1" uspid="31" ordinal="6" sl="31" sc="1" el="31" ec="2" bec="0" bev="0" fileid="2" />
                <SequencePoint vc="0" uspid="33" ordinal="7" sl="33" sc="1" el="33" ec="2" bec="0" bev="0" fileid="2" />
                <SequencePoint vc="0" uspid="34" ordinal="8" sl="34" sc="1" el="34" ec="2" bec="0" bev="0" fileid="2" />
                <SequencePoint vc="0" uspid="35" ordinal="9" sl="35" sc="1" el="35" ec="2" bec="0" bev="0" fileid="2" />
                <SequencePoint vc="0" uspid="36" ordinal="10" sl="36" sc="1" el="36" ec="2" bec="0" bev="0" fileid="2" />
                <SequencePoint vc="1" uspid="38" ordinal="11" sl="38" sc="1" el="38" ec="2" bec="0" bev="0" fileid="2" />
              </SequencePoints>
              <BranchPoints />
              <MethodPoint vc="8" uspid="0" p8:type="SequencePoint" ordinal="0" offset="0" sc="0" sl="24" ec="1" el="38" bec="0" bev="0" fileid="2" xmlns:p8="xsi" />
            </Method>
          </Methods>
        </Class>
        <Class>
          <Summary numSequencePoints="12" visitedSequencePoints="8" numBranchPoints="0" visitedBranchPoints="0" sequenceCoverage="66.66" branchCoverage="100" maxCyclomaticComplexity="1" minCyclomaticComplexity="1" visitedClasses="1" numClasses="1" visitedMethods="1" numMethods="1" />
          <FullName>Films.Infrastructure.Services.FilmService/&lt;GetFilmByIdAsync&gt;d__4</FullName>
          <Methods>
            <Method cyclomaticComplexity="1" nPathComplexity="1" sequenceCoverage="66.66" branchCoverage="100" isConstructor="False" isGetter="False" isSetter="False" isStatic="True">
              <Summary numSequencePoints="12" visitedSequencePoints="8" numBranchPoints="0" visitedBranchPoints="0" sequenceCoverage="66.66" branchCoverage="100" maxCyclomaticComplexity="1" minCyclomaticComplexity="1" visitedClasses="0" numClasses="0" visitedMethods="1" numMethods="1" />
              <MetadataToken />
              <Name>System.Void Films.Infrastructure.Services.FilmService/&lt;GetFilmByIdAsync&gt;d__4::MoveNext()</Name>
              <FileRef uid="2" />
              <SequencePoints>
                <SequencePoint vc="1" uspid="41" ordinal="0" sl="41" sc="1" el="41" ec="2" bec="0" bev="0" fileid="2" />
                <SequencePoint vc="1" uspid="43" ordinal="1" sl="43" sc="1" el="43" ec="2" bec="0" bev="0" fileid="2" />
                <SequencePoint vc="1" uspid="44" ordinal="2" sl="44" sc="1" el="44" ec="2" bec="0" bev="0" fileid="2" />
                <SequencePoint vc="1" uspid="45" ordinal="3" sl="45" sc="1" el="45" ec="2" bec="0" bev="0" fileid="2" />
                <SequencePoint vc="1" uspid="46" ordinal="4" sl="46" sc="1" el="46" ec="2" bec="0" bev="0" fileid="2" />
                <SequencePoint vc="1" uspid="47" ordinal="5" sl="47" sc="1" el="47" ec="2" bec="0" bev="0" fileid="2" />
                <SequencePoint vc="1" uspid="48" ordinal="6" sl="48" sc="1" el="48" ec="2" bec="0" bev="0" fileid="2" />
                <SequencePoint vc="0" uspid="50" ordinal="7" sl="50" sc="1" el="50" ec="2" bec="0" bev="0" fileid="2" />
                <SequencePoint vc="0" uspid="51" ordinal="8" sl="51" sc="1" el="51" ec="2" bec="0" bev="0" fileid="2" />
                <SequencePoint vc="0" uspid="52" ordinal="9" sl="52" sc="1" el="52" ec="2" bec="0" bev="0" fileid="2" />
                <SequencePoint vc="0" uspid="53" ordinal="10" sl="53" sc="1" el="53" ec="2" bec="0" bev="0" fileid="2" />
                <SequencePoint vc="1" uspid="55" ordinal="11" sl="55" sc="1" el="55" ec="2" bec="0" bev="0" fileid="2" />
              </SequencePoints>
              <BranchPoints />
              <MethodPoint vc="8" uspid="0" p8:type="SequencePoint" ordinal="0" offset="0" sc="0" sl="41" ec="1" el="55" bec="0" bev="0" fileid="2" xmlns:p8="xsi" />
            </Method>
          </Methods>
        </Class>
        <Class>
          <Summary numSequencePoints="14" visitedSequencePoints="10" numBranchPoints="0" visitedBranchPoints="0" sequenceCoverage="71.42" branchCoverage="100" maxCyclomaticComplexity="1" minCyclomaticComplexity="1" visitedClasses="1" numClasses="1" visitedMethods="1" numMethods="1" />
          <FullName>Films.Infrastructure.Services.FilmService/&lt;SearchFilmsAsync&gt;d__8</FullName>
          <Methods>
            <Method cyclomaticComplexity="1" nPathComplexity="1" sequenceCoverage="71.42" branchCoverage="100" isConstructor="False" isGetter="False" isSetter="False" isStatic="True">
              <Summary numSequencePoints="14" visitedSequencePoints="10" numBranchPoints="0" visitedBranchPoints="0" sequenceCoverage="71.42" branchCoverage="100" maxCyclomaticComplexity="1" minCyclomaticComplexity="1" visitedClasses="0" numClasses="0" visitedMethods="1" numMethods="1" />
              <MetadataToken />
              <Name>System.Void Films.Infrastructure.Services.FilmService/&lt;SearchFilmsAsync&gt;d__8::MoveNext()</Name>
              <FileRef uid="2" />
              <SequencePoints>
                <SequencePoint vc="1" uspid="118" ordinal="0" sl="118" sc="1" el="118" ec="2" bec="0" bev="0" fileid="2" />
                <SequencePoint vc="1" uspid="120" ordinal="1" sl="120" sc="1" el="120" ec="2" bec="0" bev="0" fileid="2" />
                <SequencePoint vc="1" uspid="121" ordinal="2" sl="121" sc="1" el="121" ec="2" bec="0" bev="0" fileid="2" />
                <SequencePoint vc="1" uspid="122" ordinal="3" sl="122" sc="1" el="122" ec="2" bec="0" bev="0" fileid="2" />
                <SequencePoint vc="1" uspid="123" ordinal="4" sl="123" sc="1" el="123" ec="2" bec="0" bev="0" fileid="2" />
                <SequencePoint vc="1" uspid="124" ordinal="5" sl="124" sc="1" el="124" ec="2" bec="0" bev="0" fileid="2" />
                <SequencePoint vc="1" uspid="125" ordinal="6" sl="125" sc="1" el="125" ec="2" bec="0" bev="0" fileid="2" />
                <SequencePoint vc="1" uspid="126" ordinal="7" sl="126" sc="1" el="126" ec="2" bec="0" bev="0" fileid="2" />
                <SequencePoint vc="1" uspid="127" ordinal="8" sl="127" sc="1" el="127" ec="2" bec="0" bev="0" fileid="2" />
                <SequencePoint vc="0" uspid="129" ordinal="9" sl="129" sc="1" el="129" ec="2" bec="0" bev="0" fileid="2" />
                <SequencePoint vc="0" uspid="130" ordinal="10" sl="130" sc="1" el="130" ec="2" bec="0" bev="0" fileid="2" />
                <SequencePoint vc="0" uspid="131" ordinal="11" sl="131" sc="1" el="131" ec="2" bec="0" bev="0" fileid="2" />
                <SequencePoint vc="0" uspid="132" ordinal="12" sl="132" sc="1" el="132" ec="2" bec="0" bev="0" fileid="2" />
                <SequencePoint vc="1" uspid="134" ordinal="13" sl="134" sc="1" el="134" ec="2" bec="0" bev="0" fileid="2" />
              </SequencePoints>
              <BranchPoints />
              <MethodPoint vc="10" uspid="0" p8:type="SequencePoint" ordinal="0" offset="0" sc="0" sl="118" ec="1" el="134" bec="0" bev="0" fileid="2" xmlns:p8="xsi" />
            </Method>
          </Methods>
        </Class>
        <Class>
          <Summary numSequencePoints="13" visitedSequencePoints="0" numBranchPoints="0" visitedBranchPoints="0" sequenceCoverage="0" branchCoverage="100" maxCyclomaticComplexity="1" minCyclomaticComplexity="1" visitedClasses="0" numClasses="1" visitedMethods="0" numMethods="1" />
          <FullName>Films.Infrastructure.Services.FilmService/&lt;UpdateFilmAsync&gt;d__6</FullName>
          <Methods>
            <Method cyclomaticComplexity="1" nPathComplexity="1" sequenceCoverage="0" branchCoverage="100" isConstructor="False" isGetter="False" isSetter="False" isStatic="True">
              <Summary numSequencePoints="13" visitedSequencePoints="0" numBranchPoints="0" visitedBranchPoints="0" sequenceCoverage="0" branchCoverage="100" maxCyclomaticComplexity="1" minCyclomaticComplexity="1" visitedClasses="0" numClasses="0" visitedMethods="0" numMethods="1" />
              <MetadataToken />
              <Name>System.Void Films.Infrastructure.Services.FilmService/&lt;UpdateFilmAsync&gt;d__6::MoveNext()</Name>
              <FileRef uid="2" />
              <SequencePoints>
                <SequencePoint vc="0" uspid="76" ordinal="0" sl="76" sc="1" el="76" ec="2" bec="0" bev="0" fileid="2" />
                <SequencePoint vc="0" uspid="78" ordinal="1" sl="78" sc="1" el="78" ec="2" bec="0" bev="0" fileid="2" />
                <SequencePoint vc="0" uspid="79" ordinal="2" sl="79" sc="1" el="79" ec="2" bec="0" bev="0" fileid="2" />
                <SequencePoint vc="0" uspid="80" ordinal="3" sl="80" sc="1" el="80" ec="2" bec="0" bev="0" fileid="2" />
                <SequencePoint vc="0" uspid="81" ordinal="4" sl="81" sc="1" el="81" ec="2" bec="0" bev="0" fileid="2" />
                <SequencePoint vc="0" uspid="82" ordinal="5" sl="82" sc="1" el="82" ec="2" bec="0" bev="0" fileid="2" />
                <SequencePoint vc="0" uspid="83" ordinal="6" sl="83" sc="1" el="83" ec="2" bec="0" bev="0" fileid="2" />
                <SequencePoint vc="0" uspid="84" ordinal="7" sl="84" sc="1" el="84" ec="2" bec="0" bev="0" fileid="2" />
                <SequencePoint vc="0" uspid="86" ordinal="8" sl="86" sc="1" el="86" ec="2" bec="0" bev="0" fileid="2" />
                <SequencePoint vc="0" uspid="87" ordinal="9" sl="87" sc="1" el="87" ec="2" bec="0" bev="0" fileid="2" />
                <SequencePoint vc="0" uspid="88" ordinal="10" sl="88" sc="1" el="88" ec="2" bec="0" bev="0" fileid="2" />
                <SequencePoint vc="0" uspid="89" ordinal="11" sl="89" sc="1" el="89" ec="2" bec="0" bev="0" fileid="2" />
                <SequencePoint vc="0" uspid="91" ordinal="12" sl="91" sc="1" el="91" ec="2" bec="0" bev="0" fileid="2" />
              </SequencePoints>
              <BranchPoints />
              <MethodPoint vc="0" uspid="0" p8:type="SequencePoint" ordinal="0" offset="0" sc="0" sl="76" ec="1" el="91" bec="0" bev="0" fileid="2" xmlns:p8="xsi" />
            </Method>
          </Methods>
        </Class>
        <Class>
          <Summary numSequencePoints="10" visitedSequencePoints="0" numBranchPoints="4" visitedBranchPoints="0" sequenceCoverage="0" branchCoverage="0" maxCyclomaticComplexity="4" minCyclomaticComplexity="1" visitedClasses="0" numClasses="1" visitedMethods="0" numMethods="2" />
          <FullName>Films.Infrastructure.Services.UserService</FullName>
          <Methods>
            <Method cyclomaticComplexity="1" nPathComplexity="1" sequenceCoverage="0" branchCoverage="100" isConstructor="False" isGetter="False" isSetter="False" isStatic="True">
              <Summary numSequencePoints="5" visitedSequencePoints="0" numBranchPoints="0" visitedBranchPoints="0" sequenceCoverage="0" branchCoverage="100" maxCyclomaticComplexity="1" minCyclomaticComplexity="1" visitedClasses="0" numClasses="0" visitedMethods="0" numMethods="1" />
              <MetadataToken />
              <Name>System.String Films.Infrastructure.Services.UserService::HashPassword(System.String)</Name>
              <FileRef uid="3" />
              <SequencePoints>
                <SequencePoint vc="0" uspid="166" ordinal="0" sl="166" sc="1" el="166" ec="2" bec="0" bev="0" fileid="3" />
                <SequencePoint vc="0" uspid="167" ordinal="1" sl="167" sc="1" el="167" ec="2" bec="0" bev="0" fileid="3" />
                <SequencePoint vc="0" uspid="168" ordinal="2" sl="168" sc="1" el="168" ec="2" bec="0" bev="0" fileid="3" />
                <SequencePoint vc="0" uspid="169" ordinal="3" sl="169" sc="1" el="169" ec="2" bec="0" bev="0" fileid="3" />
                <SequencePoint vc="0" uspid="170" ordinal="4" sl="170" sc="1" el="170" ec="2" bec="0" bev="0" fileid="3" />
              </SequencePoints>
              <BranchPoints />
              <MethodPoint vc="0" uspid="0" p8:type="SequencePoint" ordinal="0" offset="0" sc="0" sl="166" ec="1" el="170" bec="0" bev="0" fileid="3" xmlns:p8="xsi" />
            </Method>
            <Method cyclomaticComplexity="4" nPathComplexity="4" sequenceCoverage="0" branchCoverage="0" isConstructor="True" isGetter="False" isSetter="False" isStatic="True">
              <Summary numSequencePoints="5" visitedSequencePoints="0" numBranchPoints="4" visitedBranchPoints="0" sequenceCoverage="0" branchCoverage="0" maxCyclomaticComplexity="4" minCyclomaticComplexity="4" visitedClasses="0" numClasses="0" visitedMethods="0" numMethods="1" />
              <MetadataToken />
              <Name>System.Void Films.Infrastructure.Services.UserService::.ctor(Films.Infrastructure.Data.FilmsDbContext,Microsoft.Extensions.Logging.ILogger`1&lt;Films.Infrastructure.Services.UserService&gt;)</Name>
              <FileRef uid="3" />
              <SequencePoints>
                <SequencePoint vc="0" uspid="19" ordinal="0" sl="19" sc="1" el="19" ec="2" bec="0" bev="0" fileid="3" />
                <SequencePoint vc="0" uspid="20" ordinal="1" sl="20" sc="1" el="20" ec="2" bec="0" bev="0" fileid="3" />
                <SequencePoint vc="0" uspid="21" ordinal="2" sl="21" sc="1" el="21" ec="2" bec="2" bev="0" fileid="3" />
                <SequencePoint vc="0" uspid="22" ordinal="3" sl="22" sc="1" el="22" ec="2" bec="2" bev="0" fileid="3" />
                <SequencePoint vc="0" uspid="23" ordinal="4" sl="23" sc="1" el="23" ec="2" bec="0" bev="0" fileid="3" />
              </SequencePoints>
              <BranchPoints>
                <BranchPoint vc="0" uspid="21" ordinal="0" path="0" offset="11" offsetend="13" sl="21" fileid="3" />
                <BranchPoint vc="0" uspid="21" ordinal="1" path="1" offset="11" offsetend="25" sl="21" fileid="3" />
                <BranchPoint vc="0" uspid="22" ordinal="2" path="0" offset="33" offsetend="35" sl="22" fileid="3" />
                <BranchPoint vc="0" uspid="22" ordinal="3" path="1" offset="33" offsetend="47" sl="22" fileid="3" />
              </BranchPoints>
              <MethodPoint vc="0" uspid="0" p8:type="SequencePoint" ordinal="1" offset="1" sc="0" sl="19" ec="1" el="23" bec="0" bev="0" fileid="3" xmlns:p8="xsi" />
            </Method>
          </Methods>
        </Class>
        <Class>
          <Summary numSequencePoints="15" visitedSequencePoints="0" numBranchPoints="0" visitedBranchPoints="0" sequenceCoverage="0" branchCoverage="100" maxCyclomaticComplexity="1" minCyclomaticComplexity="1" visitedClasses="0" numClasses="1" visitedMethods="0" numMethods="1" />
          <FullName>Films.Infrastructure.Services.UserService/&lt;CreateUserAsync&gt;d__6</FullName>
          <Methods>
            <Method cyclomaticComplexity="1" nPathComplexity="1" sequenceCoverage="0" branchCoverage="100" isConstructor="False" isGetter="False" isSetter="False" isStatic="True">
              <Summary numSequencePoints="15" visitedSequencePoints="0" numBranchPoints="0" visitedBranchPoints="0" sequenceCoverage="0" branchCoverage="100" maxCyclomaticComplexity="1" minCyclomaticComplexity="1" visitedClasses="0" numClasses="0" visitedMethods="0" numMethods="1" />
              <MetadataToken />
              <Name>System.Void Films.Infrastructure.Services.UserService/&lt;CreateUserAsync&gt;d__6::MoveNext()</Name>
              <FileRef uid="3" />
              <SequencePoints>
                <SequencePoint vc="0" uspid="80" ordinal="0" sl="80" sc="1" el="80" ec="2" bec="0" bev="0" fileid="3" />
                <SequencePoint vc="0" uspid="82" ordinal="1" sl="82" sc="1" el="82" ec="2" bec="0" bev="0" fileid="3" />
                <SequencePoint vc="0" uspid="83" ordinal="2" sl="83" sc="1" el="83" ec="2" bec="0" bev="0" fileid="3" />
                <SequencePoint vc="0" uspid="84" ordinal="3" sl="84" sc="1" el="84" ec="2" bec="0" bev="0" fileid="3" />
                <SequencePoint vc="0" uspid="85" ordinal="4" sl="85" sc="1" el="85" ec="2" bec="0" bev="0" fileid="3" />
                <SequencePoint vc="0" uspid="86" ordinal="5" sl="86" sc="1" el="86" ec="2" bec="0" bev="0" fileid="3" />
                <SequencePoint vc="0" uspid="87" ordinal="6" sl="87" sc="1" el="87" ec="2" bec="0" bev="0" fileid="3" />
                <SequencePoint vc="0" uspid="88" ordinal="7" sl="88" sc="1" el="88" ec="2" bec="0" bev="0" fileid="3" />
                <SequencePoint vc="0" uspid="89" ordinal="8" sl="89" sc="1" el="89" ec="2" bec="0" bev="0" fileid="3" />
                <SequencePoint vc="0" uspid="90" ordinal="9" sl="90" sc="1" el="90" ec="2" bec="0" bev="0" fileid="3" />
                <SequencePoint vc="0" uspid="92" ordinal="10" sl="92" sc="1" el="92" ec="2" bec="0" bev="0" fileid="3" />
                <SequencePoint vc="0" uspid="93" ordinal="11" sl="93" sc="1" el="93" ec="2" bec="0" bev="0" fileid="3" />
                <SequencePoint vc="0" uspid="94" ordinal="12" sl="94" sc="1" el="94" ec="2" bec="0" bev="0" fileid="3" />
                <SequencePoint vc="0" uspid="95" ordinal="13" sl="95" sc="1" el="95" ec="2" bec="0" bev="0" fileid="3" />
                <SequencePoint vc="0" uspid="97" ordinal="14" sl="97" sc="1" el="97" ec="2" bec="0" bev="0" fileid="3" />
              </SequencePoints>
              <BranchPoints />
              <MethodPoint vc="0" uspid="0" p8:type="SequencePoint" ordinal="0" offset="0" sc="0" sl="80" ec="1" el="97" bec="0" bev="0" fileid="3" xmlns:p8="xsi" />
            </Method>
          </Methods>
        </Class>
        <Class>
          <Summary numSequencePoints="17" visitedSequencePoints="0" numBranchPoints="2" visitedBranchPoints="0" sequenceCoverage="0" branchCoverage="0" maxCyclomaticComplexity="2" minCyclomaticComplexity="2" visitedClasses="0" numClasses="1" visitedMethods="0" numMethods="1" />
          <FullName>Films.Infrastructure.Services.UserService/&lt;DeleteUserAsync&gt;d__8</FullName>
          <Methods>
            <Method cyclomaticComplexity="2" nPathComplexity="2" sequenceCoverage="0" branchCoverage="0" isConstructor="False" isGetter="False" isSetter="False" isStatic="True">
              <Summary numSequencePoints="17" visitedSequencePoints="0" numBranchPoints="2" visitedBranchPoints="0" sequenceCoverage="0" branchCoverage="0" maxCyclomaticComplexity="2" minCyclomaticComplexity="2" visitedClasses="0" numClasses="0" visitedMethods="0" numMethods="1" />
              <MetadataToken />
              <Name>System.Void Films.Infrastructure.Services.UserService/&lt;DeleteUserAsync&gt;d__8::MoveNext()</Name>
              <FileRef uid="3" />
              <SequencePoints>
                <SequencePoint vc="0" uspid="118" ordinal="0" sl="118" sc="1" el="118" ec="2" bec="0" bev="0" fileid="3" />
                <SequencePoint vc="0" uspid="120" ordinal="1" sl="120" sc="1" el="120" ec="2" bec="0" bev="0" fileid="3" />
                <SequencePoint vc="0" uspid="121" ordinal="2" sl="121" sc="1" el="121" ec="2" bec="0" bev="0" fileid="3" />
                <SequencePoint vc="0" uspid="122" ordinal="3" sl="122" sc="1" el="122" ec="2" bec="0" bev="0" fileid="3" />
                <SequencePoint vc="0" uspid="123" ordinal="4" sl="123" sc="1" el="123" ec="2" bec="2" bev="0" fileid="3" />
                <SequencePoint vc="0" uspid="124" ordinal="5" sl="124" sc="1" el="124" ec="2" bec="0" bev="0" fileid="3" />
                <SequencePoint vc="0" uspid="125" ordinal="6" sl="125" sc="1" el="125" ec="2" bec="0" bev="0" fileid="3" />
                <SequencePoint vc="0" uspid="126" ordinal="7" sl="126" sc="1" el="126" ec="2" bec="0" bev="0" fileid="3" />
                <SequencePoint vc="0" uspid="129" ordinal="8" sl="129" sc="1" el="129" ec="2" bec="0" bev="0" fileid="3" />
                <SequencePoint vc="0" uspid="130" ordinal="9" sl="130" sc="1" el="130" ec="2" bec="0" bev="0" fileid="3" />
                <SequencePoint vc="0" uspid="131" ordinal="10" sl="131" sc="1" el="131" ec="2" bec="0" bev="0" fileid="3" />
                <SequencePoint vc="0" uspid="132" ordinal="11" sl="132" sc="1" el="132" ec="2" bec="0" bev="0" fileid="3" />
                <SequencePoint vc="0" uspid="134" ordinal="12" sl="134" sc="1" el="134" ec="2" bec="0" bev="0" fileid="3" />
                <SequencePoint vc="0" uspid="135" ordinal="13" sl="135" sc="1" el="135" ec="2" bec="0" bev="0" fileid="3" />
                <SequencePoint vc="0" uspid="136" ordinal="14" sl="136" sc="1" el="136" ec="2" bec="0" bev="0" fileid="3" />
                <SequencePoint vc="0" uspid="137" ordinal="15" sl="137" sc="1" el="137" ec="2" bec="0" bev="0" fileid="3" />
                <SequencePoint vc="0" uspid="139" ordinal="16" sl="139" sc="1" el="139" ec="2" bec="0" bev="0" fileid="3" />
              </SequencePoints>
              <BranchPoints>
                <BranchPoint vc="0" uspid="123" ordinal="0" path="0" offset="253" offsetend="255" sl="123" fileid="3" />
                <BranchPoint vc="0" uspid="123" ordinal="1" path="1" offset="253" offsetend="305" sl="123" fileid="3" />
              </BranchPoints>
              <MethodPoint vc="0" uspid="0" p8:type="SequencePoint" ordinal="0" offset="0" sc="0" sl="118" ec="1" el="139" bec="0" bev="0" fileid="3" xmlns:p8="xsi" />
            </Method>
          </Methods>
        </Class>
        <Class>
          <Summary numSequencePoints="13" visitedSequencePoints="0" numBranchPoints="0" visitedBranchPoints="0" sequenceCoverage="0" branchCoverage="100" maxCyclomaticComplexity="1" minCyclomaticComplexity="1" visitedClasses="0" numClasses="1" visitedMethods="0" numMethods="1" />
          <FullName>Films.Infrastructure.Services.UserService/&lt;GetAllUsersAsync&gt;d__3</FullName>
          <Methods>
            <Method cyclomaticComplexity="1" nPathComplexity="1" sequenceCoverage="0" branchCoverage="100" isConstructor="False" isGetter="False" isSetter="False" isStatic="True">
              <Summary numSequencePoints="13" visitedSequencePoints="0" numBranchPoints="0" visitedBranchPoints="0" sequenceCoverage="0" branchCoverage="100" maxCyclomaticComplexity="1" minCyclomaticComplexity="1" visitedClasses="0" numClasses="0" visitedMethods="0" numMethods="1" />
              <MetadataToken />
              <Name>System.Void Films.Infrastructure.Services.UserService/&lt;GetAllUsersAsync&gt;d__3::MoveNext()</Name>
              <FileRef uid="3" />
              <SequencePoints>
                <SequencePoint vc="0" uspid="26" ordinal="0" sl="26" sc="1" el="26" ec="2" bec="0" bev="0" fileid="3" />
                <SequencePoint vc="0" uspid="28" ordinal="1" sl="28" sc="1" el="28" ec="2" bec="0" bev="0" fileid="3" />
                <SequencePoint vc="0" uspid="29" ordinal="2" sl="29" sc="1" el="29" ec="2" bec="0" bev="0" fileid="3" />
                <SequencePoint vc="0" uspid="30" ordinal="3" sl="30" sc="1" el="30" ec="2" bec="0" bev="0" fileid="3" />
                <SequencePoint vc="0" uspid="31" ordinal="4" sl="31" sc="1" el="31" ec="2" bec="0" bev="0" fileid="3" />
                <SequencePoint vc="0" uspid="32" ordinal="5" sl="32" sc="1" el="32" ec="2" bec="0" bev="0" fileid="3" />
                <SequencePoint vc="0" uspid="33" ordinal="6" sl="33" sc="1" el="33" ec="2" bec="0" bev="0" fileid="3" />
                <SequencePoint vc="0" uspid="34" ordinal="7" sl="34" sc="1" el="34" ec="2" bec="0" bev="0" fileid="3" />
                <SequencePoint vc="0" uspid="36" ordinal="8" sl="36" sc="1" el="36" ec="2" bec="0" bev="0" fileid="3" />
                <SequencePoint vc="0" uspid="37" ordinal="9" sl="37" sc="1" el="37" ec="2" bec="0" bev="0" fileid="3" />
                <SequencePoint vc="0" uspid="38" ordinal="10" sl="38" sc="1" el="38" ec="2" bec="0" bev="0" fileid="3" />
                <SequencePoint vc="0" uspid="39" ordinal="11" sl="39" sc="1" el="39" ec="2" bec="0" bev="0" fileid="3" />
                <SequencePoint vc="0" uspid="41" ordinal="12" sl="41" sc="1" el="41" ec="2" bec="0" bev="0" fileid="3" />
              </SequencePoints>
              <BranchPoints />
              <MethodPoint vc="0" uspid="0" p8:type="SequencePoint" ordinal="0" offset="0" sc="0" sl="26" ec="1" el="41" bec="0" bev="0" fileid="3" xmlns:p8="xsi" />
            </Method>
          </Methods>
        </Class>
        <Class>
          <Summary numSequencePoints="13" visitedSequencePoints="0" numBranchPoints="0" visitedBranchPoints="0" sequenceCoverage="0" branchCoverage="100" maxCyclomaticComplexity="1" minCyclomaticComplexity="1" visitedClasses="0" numClasses="1" visitedMethods="0" numMethods="1" />
          <FullName>Films.Infrastructure.Services.UserService/&lt;GetUserByIdAsync&gt;d__4</FullName>
          <Methods>
            <Method cyclomaticComplexity="1" nPathComplexity="1" sequenceCoverage="0" branchCoverage="100" isConstructor="False" isGetter="False" isSetter="False" isStatic="True">
              <Summary numSequencePoints="13" visitedSequencePoints="0" numBranchPoints="0" visitedBranchPoints="0" sequenceCoverage="0" branchCoverage="100" maxCyclomaticComplexity="1" minCyclomaticComplexity="1" visitedClasses="0" numClasses="0" visitedMethods="0" numMethods="1" />
              <MetadataToken />
              <Name>System.Void Films.Infrastructure.Services.UserService/&lt;GetUserByIdAsync&gt;d__4::MoveNext()</Name>
              <FileRef uid="3" />
              <SequencePoints>
                <SequencePoint vc="0" uspid="44" ordinal="0" sl="44" sc="1" el="44" ec="2" bec="0" bev="0" fileid="3" />
                <SequencePoint vc="0" uspid="46" ordinal="1" sl="46" sc="1" el="46" ec="2" bec="0" bev="0" fileid="3" />
                <SequencePoint vc="0" uspid="47" ordinal="2" sl="47" sc="1" el="47" ec="2" bec="0" bev="0" fileid="3" />
                <SequencePoint vc="0" uspid="48" ordinal="3" sl="48" sc="1" el="48" ec="2" bec="0" bev="0" fileid="3" />
                <SequencePoint vc="0" uspid="49" ordinal="4" sl="49" sc="1" el="49" ec="2" bec="0" bev="0" fileid="3" />
                <SequencePoint vc="0" uspid="50" ordinal="5" sl="50" sc="1" el="50" ec="2" bec="0" bev="0" fileid="3" />
                <SequencePoint vc="0" uspid="51" ordinal="6" sl="51" sc="1" el="51" ec="2" bec="0" bev="0" fileid="3" />
                <SequencePoint vc="0" uspid="52" ordinal="7" sl="52" sc="1" el="52" ec="2" bec="0" bev="0" fileid="3" />
                <SequencePoint vc="0" uspid="54" ordinal="8" sl="54" sc="1" el="54" ec="2" bec="0" bev="0" fileid="3" />
                <SequencePoint vc="0" uspid="55" ordinal="9" sl="55" sc="1" el="55" ec="2" bec="0" bev="0" fileid="3" />
                <SequencePoint vc="0" uspid="56" ordinal="10" sl="56" sc="1" el="56" ec="2" bec="0" bev="0" fileid="3" />
                <SequencePoint vc="0" uspid="57" ordinal="11" sl="57" sc="1" el="57" ec="2" bec="0" bev="0" fileid="3" />
                <SequencePoint vc="0" uspid="59" ordinal="12" sl="59" sc="1" el="59" ec="2" bec="0" bev="0" fileid="3" />
              </SequencePoints>
              <BranchPoints />
              <MethodPoint vc="0" uspid="0" p8:type="SequencePoint" ordinal="0" offset="0" sc="0" sl="44" ec="1" el="59" bec="0" bev="0" fileid="3" xmlns:p8="xsi" />
            </Method>
          </Methods>
        </Class>
        <Class>
          <Summary numSequencePoints="13" visitedSequencePoints="0" numBranchPoints="0" visitedBranchPoints="0" sequenceCoverage="0" branchCoverage="100" maxCyclomaticComplexity="1" minCyclomaticComplexity="1" visitedClasses="0" numClasses="1" visitedMethods="0" numMethods="1" />
          <FullName>Films.Infrastructure.Services.UserService/&lt;GetUserByUsernameAsync&gt;d__5</FullName>
          <Methods>
            <Method cyclomaticComplexity="1" nPathComplexity="1" sequenceCoverage="0" branchCoverage="100" isConstructor="False" isGetter="False" isSetter="False" isStatic="True">
              <Summary numSequencePoints="13" visitedSequencePoints="0" numBranchPoints="0" visitedBranchPoints="0" sequenceCoverage="0" branchCoverage="100" maxCyclomaticComplexity="1" minCyclomaticComplexity="1" visitedClasses="0" numClasses="0" visitedMethods="0" numMethods="1" />
              <MetadataToken />
              <Name>System.Void Films.Infrastructure.Services.UserService/&lt;GetUserByUsernameAsync&gt;d__5::MoveNext()</Name>
              <FileRef uid="3" />
              <SequencePoints>
                <SequencePoint vc="0" uspid="62" ordinal="0" sl="62" sc="1" el="62" ec="2" bec="0" bev="0" fileid="3" />
                <SequencePoint vc="0" uspid="64" ordinal="1" sl="64" sc="1" el="64" ec="2" bec="0" bev="0" fileid="3" />
                <SequencePoint vc="0" uspid="65" ordinal="2" sl="65" sc="1" el="65" ec="2" bec="0" bev="0" fileid="3" />
                <SequencePoint vc="0" uspid="66" ordinal="3" sl="66" sc="1" el="66" ec="2" bec="0" bev="0" fileid="3" />
                <SequencePoint vc="0" uspid="67" ordinal="4" sl="67" sc="1" el="67" ec="2" bec="0" bev="0" fileid="3" />
                <SequencePoint vc="0" uspid="68" ordinal="5" sl="68" sc="1" el="68" ec="2" bec="0" bev="0" fileid="3" />
                <SequencePoint vc="0" uspid="69" ordinal="6" sl="69" sc="1" el="69" ec="2" bec="0" bev="0" fileid="3" />
                <SequencePoint vc="0" uspid="70" ordinal="7" sl="70" sc="1" el="70" ec="2" bec="0" bev="0" fileid="3" />
                <SequencePoint vc="0" uspid="72" ordinal="8" sl="72" sc="1" el="72" ec="2" bec="0" bev="0" fileid="3" />
                <SequencePoint vc="0" uspid="73" ordinal="9" sl="73" sc="1" el="73" ec="2" bec="0" bev="0" fileid="3" />
                <SequencePoint vc="0" uspid="74" ordinal="10" sl="74" sc="1" el="74" ec="2" bec="0" bev="0" fileid="3" />
                <SequencePoint vc="0" uspid="75" ordinal="11" sl="75" sc="1" el="75" ec="2" bec="0" bev="0" fileid="3" />
                <SequencePoint vc="0" uspid="77" ordinal="12" sl="77" sc="1" el="77" ec="2" bec="0" bev="0" fileid="3" />
              </SequencePoints>
              <BranchPoints />
              <MethodPoint vc="0" uspid="0" p8:type="SequencePoint" ordinal="0" offset="0" sc="0" sl="62" ec="1" el="77" bec="0" bev="0" fileid="3" xmlns:p8="xsi" />
            </Method>
          </Methods>
        </Class>
        <Class>
          <Summary numSequencePoints="13" visitedSequencePoints="0" numBranchPoints="0" visitedBranchPoints="0" sequenceCoverage="0" branchCoverage="100" maxCyclomaticComplexity="1" minCyclomaticComplexity="1" visitedClasses="0" numClasses="1" visitedMethods="0" numMethods="1" />
          <FullName>Films.Infrastructure.Services.UserService/&lt;UpdateUserAsync&gt;d__7</FullName>
          <Methods>
            <Method cyclomaticComplexity="1" nPathComplexity="1" sequenceCoverage="0" branchCoverage="100" isConstructor="False" isGetter="False" isSetter="False" isStatic="True">
              <Summary numSequencePoints="13" visitedSequencePoints="0" numBranchPoints="0" visitedBranchPoints="0" sequenceCoverage="0" branchCoverage="100" maxCyclomaticComplexity="1" minCyclomaticComplexity="1" visitedClasses="0" numClasses="0" visitedMethods="0" numMethods="1" />
              <MetadataToken />
              <Name>System.Void Films.Infrastructure.Services.UserService/&lt;UpdateUserAsync&gt;d__7::MoveNext()</Name>
              <FileRef uid="3" />
              <SequencePoints>
                <SequencePoint vc="0" uspid="100" ordinal="0" sl="100" sc="1" el="100" ec="2" bec="0" bev="0" fileid="3" />
                <SequencePoint vc="0" uspid="102" ordinal="1" sl="102" sc="1" el="102" ec="2" bec="0" bev="0" fileid="3" />
                <SequencePoint vc="0" uspid="103" ordinal="2" sl="103" sc="1" el="103" ec="2" bec="0" bev="0" fileid="3" />
                <SequencePoint vc="0" uspid="104" ordinal="3" sl="104" sc="1" el="104" ec="2" bec="0" bev="0" fileid="3" />
                <SequencePoint vc="0" uspid="105" ordinal="4" sl="105" sc="1" el="105" ec="2" bec="0" bev="0" fileid="3" />
                <SequencePoint vc="0" uspid="106" ordinal="5" sl="106" sc="1" el="106" ec="2" bec="0" bev="0" fileid="3" />
                <SequencePoint vc="0" uspid="107" ordinal="6" sl="107" sc="1" el="107" ec="2" bec="0" bev="0" fileid="3" />
                <SequencePoint vc="0" uspid="108" ordinal="7" sl="108" sc="1" el="108" ec="2" bec="0" bev="0" fileid="3" />
                <SequencePoint vc="0" uspid="110" ordinal="8" sl="110" sc="1" el="110" ec="2" bec="0" bev="0" fileid="3" />
                <SequencePoint vc="0" uspid="111" ordinal="9" sl="111" sc="1" el="111" ec="2" bec="0" bev="0" fileid="3" />
                <SequencePoint vc="0" uspid="112" ordinal="10" sl="112" sc="1" el="112" ec="2" bec="0" bev="0" fileid="3" />
                <SequencePoint vc="0" uspid="113" ordinal="11" sl="113" sc="1" el="113" ec="2" bec="0" bev="0" fileid="3" />
                <SequencePoint vc="0" uspid="115" ordinal="12" sl="115" sc="1" el="115" ec="2" bec="0" bev="0" fileid="3" />
              </SequencePoints>
              <BranchPoints />
              <MethodPoint vc="0" uspid="0" p8:type="SequencePoint" ordinal="0" offset="0" sc="0" sl="100" ec="1" el="115" bec="0" bev="0" fileid="3" xmlns:p8="xsi" />
            </Method>
          </Methods>
        </Class>
        <Class>
          <Summary numSequencePoints="17" visitedSequencePoints="0" numBranchPoints="4" visitedBranchPoints="0" sequenceCoverage="0" branchCoverage="0" maxCyclomaticComplexity="4" minCyclomaticComplexity="4" visitedClasses="0" numClasses="1" visitedMethods="0" numMethods="1" />
          <FullName>Films.Infrastructure.Services.UserService/&lt;ValidateUserAsync&gt;d__9</FullName>
          <Methods>
            <Method cyclomaticComplexity="4" nPathComplexity="4" sequenceCoverage="0" branchCoverage="0" isConstructor="False" isGetter="False" isSetter="False" isStatic="True">
              <Summary numSequencePoints="17" visitedSequencePoints="0" numBranchPoints="4" visitedBranchPoints="0" sequenceCoverage="0" branchCoverage="0" maxCyclomaticComplexity="4" minCyclomaticComplexity="4" visitedClasses="0" numClasses="0" visitedMethods="0" numMethods="1" />
              <MetadataToken />
              <Name>System.Void Films.Infrastructure.Services.UserService/&lt;ValidateUserAsync&gt;d__9::MoveNext()</Name>
              <FileRef uid="3" />
              <SequencePoints>
                <SequencePoint vc="0" uspid="142" ordinal="0" sl="142" sc="1" el="142" ec="2" bec="0" bev="0" fileid="3" />
                <SequencePoint vc="0" uspid="144" ordinal="1" sl="144" sc="1" el="144" ec="2" bec="0" bev="0" fileid="3" />
                <SequencePoint vc="0" uspid="145" ordinal="2" sl="145" sc="1" el="145" ec="2" bec="0" bev="0" fileid="3" />
                <SequencePoint vc="0" uspid="146" ordinal="3" sl="146" sc="1" el="146" ec="2" bec="0" bev="0" fileid="3" />
                <SequencePoint vc="0" uspid="147" ordinal="4" sl="147" sc="1" el="147" ec="2" bec="4" bev="0" fileid="3" />
                <SequencePoint vc="0" uspid="148" ordinal="5" sl="148" sc="1" el="148" ec="2" bec="0" bev="0" fileid="3" />
                <SequencePoint vc="0" uspid="149" ordinal="6" sl="149" sc="1" el="149" ec="2" bec="0" bev="0" fileid="3" />
                <SequencePoint vc="0" uspid="150" ordinal="7" sl="150" sc="1" el="150" ec="2" bec="0" bev="0" fileid="3" />
                <SequencePoint vc="0" uspid="153" ordinal="8" sl="153" sc="1" el="153" ec="2" bec="0" bev="0" fileid="3" />
                <SequencePoint vc="0" uspid="154" ordinal="9" sl="154" sc="1" el="154" ec="2" bec="0" bev="0" fileid="3" />
                <SequencePoint vc="0" uspid="155" ordinal="10" sl="155" sc="1" el="155" ec="2" bec="0" bev="0" fileid="3" />
                <SequencePoint vc="0" uspid="156" ordinal="11" sl="156" sc="1" el="156" ec="2" bec="0" bev="0" fileid="3" />
                <SequencePoint vc="0" uspid="158" ordinal="12" sl="158" sc="1" el="158" ec="2" bec="0" bev="0" fileid="3" />
                <SequencePoint vc="0" uspid="159" ordinal="13" sl="159" sc="1" el="159" ec="2" bec="0" bev="0" fileid="3" />
                <SequencePoint vc="0" uspid="160" ordinal="14" sl="160" sc="1" el="160" ec="2" bec="0" bev="0" fileid="3" />
                <SequencePoint vc="0" uspid="161" ordinal="15" sl="161" sc="1" el="161" ec="2" bec="0" bev="0" fileid="3" />
                <SequencePoint vc="0" uspid="163" ordinal="16" sl="163" sc="1" el="163" ec="2" bec="0" bev="0" fileid="3" />
              </SequencePoints>
              <BranchPoints>
                <BranchPoint vc="0" uspid="147" ordinal="0" path="0" offset="198" offsetend="200" sl="147" fileid="3" />
                <BranchPoint vc="0" uspid="147" ordinal="1" path="1" offset="198" offsetend="216" sl="147" fileid="3" />
                <BranchPoint vc="0" uspid="147" ordinal="2" path="0" offset="221" offsetend="223" sl="147" fileid="3" />
                <BranchPoint vc="0" uspid="147" ordinal="3" path="1" offset="221" offsetend="268" sl="147" fileid="3" />
              </BranchPoints>
              <MethodPoint vc="0" uspid="0" p8:type="SequencePoint" ordinal="0" offset="0" sc="0" sl="142" ec="1" el="163" bec="0" bev="0" fileid="3" xmlns:p8="xsi" />
            </Method>
          </Methods>
        </Class>
        <Class>
          <Summary numSequencePoints="119" visitedSequencePoints="119" numBranchPoints="0" visitedBranchPoints="0" sequenceCoverage="100" branchCoverage="100" maxCyclomaticComplexity="1" minCyclomaticComplexity="1" visitedClasses="1" numClasses="1" visitedMethods="12" numMethods="12" />
          <FullName>Films.Infrastructure.Data.FilmsDbContext</FullName>
          <Methods>
            <Method cyclomaticComplexity="1" nPathComplexity="1" sequenceCoverage="100" branchCoverage="100" isConstructor="False" isGetter="True" isSetter="False" isStatic="True">
              <Summary numSequencePoints="1" visitedSequencePoints="1" numBranchPoints="0" visitedBranchPoints="0" sequenceCoverage="100" branchCoverage="100" maxCyclomaticComplexity="1" minCyclomaticComplexity="1" visitedClasses="0" numClasses="0" visitedMethods="1" numMethods="1" />
              <MetadataToken />
              <Name>Microsoft.EntityFrameworkCore.DbSet`1&lt;Films.Domain.Entities.Film&gt; Films.Infrastructure.Data.FilmsDbContext::get_Films()</Name>
              <FileRef uid="4" />
              <SequencePoints>
                <SequencePoint vc="16" uspid="15" ordinal="0" sl="15" sc="1" el="15" ec="2" bec="0" bev="0" fileid="4" />
              </SequencePoints>
              <BranchPoints />
              <MethodPoint vc="1" uspid="0" p8:type="SequencePoint" ordinal="0" offset="0" sc="0" sl="15" ec="1" el="15" bec="0" bev="0" fileid="4" xmlns:p8="xsi" />
            </Method>
            <Method cyclomaticComplexity="1" nPathComplexity="1" sequenceCoverage="100" branchCoverage="100" isConstructor="True" isGetter="True" isSetter="False" isStatic="True">
              <Summary numSequencePoints="1" visitedSequencePoints="1" numBranchPoints="0" visitedBranchPoints="0" sequenceCoverage="100" branchCoverage="100" maxCyclomaticComplexity="1" minCyclomaticComplexity="1" visitedClasses="0" numClasses="0" visitedMethods="1" numMethods="1" />
              <MetadataToken />
              <Name>Microsoft.EntityFrameworkCore.DbSet`1&lt;Films.Domain.Entities.Actor&gt; Films.Infrastructure.Data.FilmsDbContext::get_Actors()</Name>
              <FileRef uid="4" />
              <SequencePoints>
                <SequencePoint vc="5" uspid="16" ordinal="0" sl="16" sc="1" el="16" ec="2" bec="0" bev="0" fileid="4" />
              </SequencePoints>
              <BranchPoints />
              <MethodPoint vc="1" uspid="0" p8:type="SequencePoint" ordinal="1" offset="1" sc="0" sl="16" ec="1" el="16" bec="0" bev="0" fileid="4" xmlns:p8="xsi" />
            </Method>
            <Method cyclomaticComplexity="1" nPathComplexity="1" sequenceCoverage="100" branchCoverage="100" isConstructor="True" isGetter="True" isSetter="False" isStatic="True">
              <Summary numSequencePoints="1" visitedSequencePoints="1" numBranchPoints="0" visitedBranchPoints="0" sequenceCoverage="100" branchCoverage="100" maxCyclomaticComplexity="1" minCyclomaticComplexity="1" visitedClasses="0" numClasses="0" visitedMethods="1" numMethods="1" />
              <MetadataToken />
              <Name>Microsoft.EntityFrameworkCore.DbSet`1&lt;Films.Domain.Entities.Director&gt; Films.Infrastructure.Data.FilmsDbContext::get_Directors()</Name>
              <FileRef uid="4" />
              <SequencePoints>
                <SequencePoint vc="5" uspid="17" ordinal="0" sl="17" sc="1" el="17" ec="2" bec="0" bev="0" fileid="4" />
              </SequencePoints>
              <BranchPoints />
              <MethodPoint vc="1" uspid="0" p8:type="SequencePoint" ordinal="2" offset="2" sc="0" sl="17" ec="1" el="17" bec="0" bev="0" fileid="4" xmlns:p8="xsi" />
            </Method>
            <Method cyclomaticComplexity="1" nPathComplexity="1" sequenceCoverage="100" branchCoverage="100" isConstructor="False" isGetter="True" isSetter="False" isStatic="True">
              <Summary numSequencePoints="1" visitedSequencePoints="1" numBranchPoints="0" visitedBranchPoints="0" sequenceCoverage="100" branchCoverage="100" maxCyclomaticComplexity="1" minCyclomaticComplexity="1" visitedClasses="0" numClasses="0" visitedMethods="1" numMethods="1" />
              <MetadataToken />
              <Name>Microsoft.EntityFrameworkCore.DbSet`1&lt;Films.Domain.Entities.Sex&gt; Films.Infrastructure.Data.FilmsDbContext::get_Sexes()</Name>
              <FileRef uid="4" />
              <SequencePoints>
                <SequencePoint vc="5" uspid="18" ordinal="0" sl="18" sc="1" el="18" ec="2" bec="0" bev="0" fileid="4" />
              </SequencePoints>
              <BranchPoints />
              <MethodPoint vc="1" uspid="0" p8:type="SequencePoint" ordinal="3" offset="3" sc="0" sl="18" ec="1" el="18" bec="0" bev="0" fileid="4" xmlns:p8="xsi" />
            </Method>
            <Method cyclomaticComplexity="1" nPathComplexity="1" sequenceCoverage="100" branchCoverage="100" isConstructor="False" isGetter="True" isSetter="False" isStatic="True">
              <Summary numSequencePoints="1" visitedSequencePoints="1" numBranchPoints="0" visitedBranchPoints="0" sequenceCoverage="100" branchCoverage="100" maxCyclomaticComplexity="1" minCyclomaticComplexity="1" visitedClasses="0" numClasses="0" visitedMethods="1" numMethods="1" />
              <MetadataToken />
              <Name>Microsoft.EntityFrameworkCore.DbSet`1&lt;Films.Domain.Entities.User&gt; Films.Infrastructure.Data.FilmsDbContext::get_Users()</Name>
              <FileRef uid="4" />
              <SequencePoints>
                <SequencePoint vc="5" uspid="19" ordinal="0" sl="19" sc="1" el="19" ec="2" bec="0" bev="0" fileid="4" />
              </SequencePoints>
              <BranchPoints />
              <MethodPoint vc="1" uspid="0" p8:type="SequencePoint" ordinal="4" offset="4" sc="0" sl="19" ec="1" el="19" bec="0" bev="0" fileid="4" xmlns:p8="xsi" />
            </Method>
            <Method cyclomaticComplexity="1" nPathComplexity="1" sequenceCoverage="100" branchCoverage="100" isConstructor="False" isGetter="True" isSetter="False" isStatic="True">
              <Summary numSequencePoints="1" visitedSequencePoints="1" numBranchPoints="0" visitedBranchPoints="0" sequenceCoverage="100" branchCoverage="100" maxCyclomaticComplexity="1" minCyclomaticComplexity="1" visitedClasses="0" numClasses="0" visitedMethods="1" numMethods="1" />
              <MetadataToken />
              <Name>Microsoft.EntityFrameworkCore.DbSet`1&lt;Films.Domain.Entities.TypeUser&gt; Films.Infrastructure.Data.FilmsDbContext::get_TypeUsers()</Name>
              <FileRef uid="4" />
              <SequencePoints>
                <SequencePoint vc="5" uspid="20" ordinal="0" sl="20" sc="1" el="20" ec="2" bec="0" bev="0" fileid="4" />
              </SequencePoints>
              <BranchPoints />
              <MethodPoint vc="1" uspid="0" p8:type="SequencePoint" ordinal="5" offset="5" sc="0" sl="20" ec="1" el="20" bec="0" bev="0" fileid="4" xmlns:p8="xsi" />
            </Method>
            <Method cyclomaticComplexity="1" nPathComplexity="1" sequenceCoverage="100" branchCoverage="100" isConstructor="False" isGetter="True" isSetter="False" isStatic="True">
              <Summary numSequencePoints="1" visitedSequencePoints="1" numBranchPoints="0" visitedBranchPoints="0" sequenceCoverage="100" branchCoverage="100" maxCyclomaticComplexity="1" minCyclomaticComplexity="1" visitedClasses="0" numClasses="0" visitedMethods="1" numMethods="1" />
              <MetadataToken />
              <Name>Microsoft.EntityFrameworkCore.DbSet`1&lt;Films.Domain.Entities.Right&gt; Films.Infrastructure.Data.FilmsDbContext::get_Rights()</Name>
              <FileRef uid="4" />
              <SequencePoints>
                <SequencePoint vc="5" uspid="21" ordinal="0" sl="21" sc="1" el="21" ec="2" bec="0" bev="0" fileid="4" />
              </SequencePoints>
              <BranchPoints />
              <MethodPoint vc="1" uspid="0" p8:type="SequencePoint" ordinal="6" offset="6" sc="0" sl="21" ec="1" el="21" bec="0" bev="0" fileid="4" xmlns:p8="xsi" />
            </Method>
            <Method cyclomaticComplexity="1" nPathComplexity="1" sequenceCoverage="100" branchCoverage="100" isConstructor="False" isGetter="True" isSetter="False" isStatic="True">
              <Summary numSequencePoints="1" visitedSequencePoints="1" numBranchPoints="0" visitedBranchPoints="0" sequenceCoverage="100" branchCoverage="100" maxCyclomaticComplexity="1" minCyclomaticComplexity="1" visitedClasses="0" numClasses="0" visitedMethods="1" numMethods="1" />
              <MetadataToken />
              <Name>Microsoft.EntityFrameworkCore.DbSet`1&lt;Films.Domain.Entities.UserRight&gt; Films.Infrastructure.Data.FilmsDbContext::get_UserRights()</Name>
              <FileRef uid="4" />
              <SequencePoints>
                <SequencePoint vc="5" uspid="22" ordinal="0" sl="22" sc="1" el="22" ec="2" bec="0" bev="0" fileid="4" />
              </SequencePoints>
              <BranchPoints />
              <MethodPoint vc="1" uspid="0" p8:type="SequencePoint" ordinal="7" offset="7" sc="0" sl="22" ec="1" el="22" bec="0" bev="0" fileid="4" xmlns:p8="xsi" />
            </Method>
            <Method cyclomaticComplexity="1" nPathComplexity="1" sequenceCoverage="100" branchCoverage="100" isConstructor="True" isGetter="True" isSetter="False" isStatic="True">
[...]
              <Summary numSequencePoints="1" visitedSequencePoints="0" numBranchPoints="0" visitedBranchPoints="0" sequenceCoverage="0" branchCoverage="100" maxCyclomaticComplexity="1" minCyclomaticComplexity="1" visitedClasses="0" numClasses="0" visitedMethods="0" numMethods="1" />
              <MetadataToken />
              <Name>System.String Films.Domain.Entities.User::get_Username()</Name>
              <FileRef uid="13" />
              <SequencePoints>
                <SequencePoint vc="0" uspid="9" ordinal="0" sl="9" sc="1" el="9" ec="2" bec="0" bev="0" fileid="13" />
              </SequencePoints>
              <BranchPoints />
              <MethodPoint vc="0" uspid="0" p8:type="SequencePoint" ordinal="1" offset="1" sc="0" sl="9" ec="1" el="9" bec="0" bev="0" fileid="13" xmlns:p8="xsi" />
            </Method>
            <Method cyclomaticComplexity="1" nPathComplexity="1" sequenceCoverage="0" branchCoverage="100" isConstructor="False" isGetter="True" isSetter="False" isStatic="True">
              <Summary numSequencePoints="1" visitedSequencePoints="0" numBranchPoints="0" visitedBranchPoints="0" sequenceCoverage="0" branchCoverage="100" maxCyclomaticComplexity="1" minCyclomaticComplexity="1" visitedClasses="0" numClasses="0" visitedMethods="0" numMethods="1" />
              <MetadataToken />
              <Name>System.String Films.Domain.Entities.User::get_PasswordHash()</Name>
              <FileRef uid="13" />
              <SequencePoints>
                <SequencePoint vc="0" uspid="10" ordinal="0" sl="10" sc="1" el="10" ec="2" bec="0" bev="0" fileid="13" />
              </SequencePoints>
              <BranchPoints />
              <MethodPoint vc="0" uspid="0" p8:type="SequencePoint" ordinal="2" offset="2" sc="0" sl="10" ec="1" el="10" bec="0" bev="0" fileid="13" xmlns:p8="xsi" />
            </Method>
            <Method cyclomaticComplexity="1" nPathComplexity="1" sequenceCoverage="0" branchCoverage="100" isConstructor="False" isGetter="True" isSetter="False" isStatic="True">
              <Summary numSequencePoints="1" visitedSequencePoints="0" numBranchPoints="0" visitedBranchPoints="0" sequenceCoverage="0" branchCoverage="100" maxCyclomaticComplexity="1" minCyclomaticComplexity="1" visitedClasses="0" numClasses="0" visitedMethods="0" numMethods="1" />
              <MetadataToken />
              <Name>System.String Films.Domain.Entities.User::get_Email()</Name>
              <FileRef uid="13" />
              <SequencePoints>
                <SequencePoint vc="0" uspid="11" ordinal="0" sl="11" sc="1" el="11" ec="2" bec="0" bev="0" fileid="13" />
              </SequencePoints>
              <BranchPoints />
              <MethodPoint vc="0" uspid="0" p8:type="SequencePoint" ordinal="3" offset="3" sc="0" sl="11" ec="1" el="11" bec="0" bev="0" fileid="13" xmlns:p8="xsi" />
            </Method>
            <Method cyclomaticComplexity="1" nPathComplexity="1" sequenceCoverage="0" branchCoverage="100" isConstructor="False" isGetter="True" isSetter="False" isStatic="True">
              <Summary numSequencePoints="1" visitedSequencePoints="0" numBranchPoints="0" visitedBranchPoints="0" sequenceCoverage="0" branchCoverage="100" maxCyclomaticComplexity="1" minCyclomaticComplexity="1" visitedClasses="0" numClasses="0" visitedMethods="0" numMethods="1" />
              <MetadataToken />
              <Name>System.String Films.Domain.Entities.User::get_FirstName()</Name>
              <FileRef uid="13" />
              <SequencePoints>
                <SequencePoint vc="0" uspid="12" ordinal="0" sl="12" sc="1" el="12" ec="2" bec="0" bev="0" fileid="13" />
              </SequencePoints>
              <BranchPoints />
              <MethodPoint vc="0" uspid="0" p8:type="SequencePoint" ordinal="4" offset="4" sc="0" sl="12" ec="1" el="12" bec="0" bev="0" fileid="13" xmlns:p8="xsi" />
            </Method>
            <Method cyclomaticComplexity="1" nPathComplexity="1" sequenceCoverage="0" branchCoverage="100" isConstructor="False" isGetter="True" isSetter="False" isStatic="True">
              <Summary numSequencePoints="1" visitedSequencePoints="0" numBranchPoints="0" visitedBranchPoints="0" sequenceCoverage="0" branchCoverage="100" maxCyclomaticComplexity="1" minCyclomaticComplexity="1" visitedClasses="0" numClasses="0" visitedMethods="0" numMethods="1" />
              <MetadataToken />
              <Name>System.String Films.Domain.Entities.User::get_LastName()</Name>
              <FileRef uid="13" />
              <SequencePoints>
                <SequencePoint vc="0" uspid="13" ordinal="0" sl="13" sc="1" el="13" ec="2" bec="0" bev="0" fileid="13" />
              </SequencePoints>
              <BranchPoints />
              <MethodPoint vc="0" uspid="0" p8:type="SequencePoint" ordinal="5" offset="5" sc="0" sl="13" ec="1" el="13" bec="0" bev="0" fileid="13" xmlns:p8="xsi" />
            </Method>
            <Method cyclomaticComplexity="1" nPathComplexity="1" sequenceCoverage="0" branchCoverage="100" isConstructor="False" isGetter="True" isSetter="False" isStatic="True">
              <Summary numSequencePoints="1" visitedSequencePoints="0" numBranchPoints="0" visitedBranchPoints="0" sequenceCoverage="0" branchCoverage="100" maxCyclomaticComplexity="1" minCyclomaticComplexity="1" visitedClasses="0" numClasses="0" visitedMethods="0" numMethods="1" />
              <MetadataToken />
              <Name>System.Nullable`1&lt;System.Int32&gt; Films.Domain.Entities.User::get_SexId()</Name>
              <FileRef uid="13" />
              <SequencePoints>
                <SequencePoint vc="0" uspid="14" ordinal="0" sl="14" sc="1" el="14" ec="2" bec="0" bev="0" fileid="13" />
              </SequencePoints>
              <BranchPoints />
              <MethodPoint vc="0" uspid="0" p8:type="SequencePoint" ordinal="6" offset="6" sc="0" sl="14" ec="1" el="14" bec="0" bev="0" fileid="13" xmlns:p8="xsi" />
            </Method>
            <Method cyclomaticComplexity="1" nPathComplexity="1" sequenceCoverage="0" branchCoverage="100" isConstructor="False" isGetter="True" isSetter="False" isStatic="True">
              <Summary numSequencePoints="1" visitedSequencePoints="0" numBranchPoints="0" visitedBranchPoints="0" sequenceCoverage="0" branchCoverage="100" maxCyclomaticComplexity="1" minCyclomaticComplexity="1" visitedClasses="0" numClasses="0" visitedMethods="0" numMethods="1" />
              <MetadataToken />
              <Name>System.Nullable`1&lt;System.Int32&gt; Films.Domain.Entities.User::get_TypeUserId()</Name>
              <FileRef uid="13" />
              <SequencePoints>
                <SequencePoint vc="0" uspid="15" ordinal="0" sl="15" sc="1" el="15" ec="2" bec="0" bev="0" fileid="13" />
              </SequencePoints>
              <BranchPoints />
              <MethodPoint vc="0" uspid="0" p8:type="SequencePoint" ordinal="7" offset="7" sc="0" sl="15" ec="1" el="15" bec="0" bev="0" fileid="13" xmlns:p8="xsi" />
            </Method>
            <Method cyclomaticComplexity="1" nPathComplexity="1" sequenceCoverage="0" branchCoverage="100" isConstructor="False" isGetter="True" isSetter="False" isStatic="True">
              <Summary numSequencePoints="1" visitedSequencePoints="0" numBranchPoints="0" visitedBranchPoints="0" sequenceCoverage="0" branchCoverage="100" maxCyclomaticComplexity="1" minCyclomaticComplexity="1" visitedClasses="0" numClasses="0" visitedMethods="0" numMethods="1" />
              <MetadataToken />
              <Name>System.DateTime Films.Domain.Entities.User::get_CreatedDate()</Name>
              <FileRef uid="13" />
              <SequencePoints>
                <SequencePoint vc="0" uspid="16" ordinal="0" sl="16" sc="1" el="16" ec="2" bec="0" bev="0" fileid="13" />
              </SequencePoints>
              <BranchPoints />
              <MethodPoint vc="0" uspid="0" p8:type="SequencePoint" ordinal="8" offset="8" sc="0" sl="16" ec="1" el="16" bec="0" bev="0" fileid="13" xmlns:p8="xsi" />
            </Method>
            <Method cyclomaticComplexity="1" nPathComplexity="1" sequenceCoverage="0" branchCoverage="100" isConstructor="False" isGetter="True" isSetter="False" isStatic="True">
              <Summary numSequencePoints="1" visitedSequencePoints="0" numBranchPoints="0" visitedBranchPoints="0" sequenceCoverage="0" branchCoverage="100" maxCyclomaticComplexity="1" minCyclomaticComplexity="1" visitedClasses="0" numClasses="0" visitedMethods="0" numMethods="1" />
              <MetadataToken />
              <Name>System.Nullable`1&lt;System.DateTime&gt; Films.Domain.Entities.User::get_ModifiedDate()</Name>
              <FileRef uid="13" />
              <SequencePoints>
                <SequencePoint vc="0" uspid="17" ordinal="0" sl="17" sc="1" el="17" ec="2" bec="0" bev="0" fileid="13" />
              </SequencePoints>
              <BranchPoints />
              <MethodPoint vc="0" uspid="0" p8:type="SequencePoint" ordinal="9" offset="9" sc="0" sl="17" ec="1" el="17" bec="0" bev="0" fileid="13" xmlns:p8="xsi" />
            </Method>
            <Method cyclomaticComplexity="1" nPathComplexity="1" sequenceCoverage="0" branchCoverage="100" isConstructor="False" isGetter="True" isSetter="False" isStatic="True">
              <Summary numSequencePoints="1" visitedSequencePoints="0" numBranchPoints="0" visitedBranchPoints="0" sequenceCoverage="0" branchCoverage="100" maxCyclomaticComplexity="1" minCyclomaticComplexity="1" visitedClasses="0" numClasses="0" visitedMethods="0" numMethods="1" />
              <MetadataToken />
              <Name>System.Boolean Films.Domain.Entities.User::get_IsActive()</Name>
              <FileRef uid="13" />
              <SequencePoints>
                <SequencePoint vc="0" uspid="18" ordinal="0" sl="18" sc="1" el="18" ec="2" bec="0" bev="0" fileid="13" />
              </SequencePoints>
              <BranchPoints />
              <MethodPoint vc="0" uspid="0" p8:type="SequencePoint" ordinal="10" offset="10" sc="0" sl="18" ec="1" el="18" bec="0" bev="0" fileid="13" xmlns:p8="xsi" />
            </Method>
            <Method cyclomaticComplexity="1" nPathComplexity="1" sequenceCoverage="0" branchCoverage="100" isConstructor="False" isGetter="True" isSetter="False" isStatic="True">
              <Summary numSequencePoints="1" visitedSequencePoints="0" numBranchPoints="0" visitedBranchPoints="0" sequenceCoverage="0" branchCoverage="100" maxCyclomaticComplexity="1" minCyclomaticComplexity="1" visitedClasses="0" numClasses="0" visitedMethods="0" numMethods="1" />
              <MetadataToken />
              <Name>Films.Domain.Entities.Sex Films.Domain.Entities.User::get_Sex()</Name>
              <FileRef uid="13" />
              <SequencePoints>
                <SequencePoint vc="0" uspid="21" ordinal="0" sl="21" sc="1" el="21" ec="2" bec="0" bev="0" fileid="13" />
              </SequencePoints>
              <BranchPoints />
              <MethodPoint vc="0" uspid="0" p8:type="SequencePoint" ordinal="11" offset="11" sc="0" sl="21" ec="1" el="21" bec="0" bev="0" fileid="13" xmlns:p8="xsi" />
            </Method>
            <Method cyclomaticComplexity="1" nPathComplexity="1" sequenceCoverage="0" branchCoverage="100" isConstructor="False" isGetter="True" isSetter="False" isStatic="True">
              <Summary numSequencePoints="1" visitedSequencePoints="0" numBranchPoints="0" visitedBranchPoints="0" sequenceCoverage="0" branchCoverage="100" maxCyclomaticComplexity="1" minCyclomaticComplexity="1" visitedClasses="0" numClasses="0" visitedMethods="0" numMethods="1" />
              <MetadataToken />
              <Name>Films.Domain.Entities.TypeUser Films.Domain.Entities.User::get_TypeUser()</Name>
              <FileRef uid="13" />
              <SequencePoints>
                <SequencePoint vc="0" uspid="22" ordinal="0" sl="22" sc="1" el="22" ec="2" bec="0" bev="0" fileid="13" />
              </SequencePoints>
              <BranchPoints />
              <MethodPoint vc="0" uspid="0" p8:type="SequencePoint" ordinal="12" offset="12" sc="0" sl="22" ec="1" el="22" bec="0" bev="0" fileid="13" xmlns:p8="xsi" />
            </Method>
            <Method cyclomaticComplexity="1" nPathComplexity="1" sequenceCoverage="0" branchCoverage="100" isConstructor="False" isGetter="True" isSetter="False" isStatic="True">
              <Summary numSequencePoints="1" visitedSequencePoints="0" numBranchPoints="0" visitedBranchPoints="0" sequenceCoverage="0" branchCoverage="100" maxCyclomaticComplexity="1" minCyclomaticComplexity="1" visitedClasses="0" numClasses="0" visitedMethods="0" numMethods="1" />
              <MetadataToken />
              <Name>System.Collections.Generic.ICollection`1&lt;Films.Domain.Entities.UserRight&gt; Films.Domain.Entities.User::get_UserRights()</Name>
              <FileRef uid="13" />
              <SequencePoints>
                <SequencePoint vc="0" uspid="23" ordinal="0" sl="23" sc="1" el="23" ec="2" bec="0" bev="0" fileid="13" />
              </SequencePoints>
              <BranchPoints />
              <MethodPoint vc="0" uspid="0" p8:type="SequencePoint" ordinal="13" offset="13" sc="0" sl="23" ec="1" el="23" bec="0" bev="0" fileid="13" xmlns:p8="xsi" />
            </Method>
          </Methods>
        </Class>
        <Class>
          <Summary numSequencePoints="6" visitedSequencePoints="0" numBranchPoints="0" visitedBranchPoints="0" sequenceCoverage="0" branchCoverage="100" maxCyclomaticComplexity="1" minCyclomaticComplexity="1" visitedClasses="0" numClasses="1" visitedMethods="0" numMethods="6" />
          <FullName>Films.Domain.Entities.UserRight</FullName>
          <Methods>
            <Method cyclomaticComplexity="1" nPathComplexity="1" sequenceCoverage="0" branchCoverage="100" isConstructor="False" isGetter="True" isSetter="False" isStatic="True">
              <Summary numSequencePoints="1" visitedSequencePoints="0" numBranchPoints="0" visitedBranchPoints="0" sequenceCoverage="0" branchCoverage="100" maxCyclomaticComplexity="1" minCyclomaticComplexity="1" visitedClasses="0" numClasses="0" visitedMethods="0" numMethods="1" />
              <MetadataToken />
              <Name>System.Int32 Films.Domain.Entities.UserRight::get_Id()</Name>
              <FileRef uid="14" />
              <SequencePoints>
                <SequencePoint vc="0" uspid="8" ordinal="0" sl="8" sc="1" el="8" ec="2" bec="0" bev="0" fileid="14" />
              </SequencePoints>
              <BranchPoints />
              <MethodPoint vc="0" uspid="0" p8:type="SequencePoint" ordinal="0" offset="0" sc="0" sl="8" ec="1" el="8" bec="0" bev="0" fileid="14" xmlns:p8="xsi" />
            </Method>
            <Method cyclomaticComplexity="1" nPathComplexity="1" sequenceCoverage="0" branchCoverage="100" isConstructor="False" isGetter="True" isSetter="False" isStatic="True">
              <Summary numSequencePoints="1" visitedSequencePoints="0" numBranchPoints="0" visitedBranchPoints="0" sequenceCoverage="0" branchCoverage="100" maxCyclomaticComplexity="1" minCyclomaticComplexity="1" visitedClasses="0" numClasses="0" visitedMethods="0" numMethods="1" />
              <MetadataToken />
              <Name>System.Int32 Films.Domain.Entities.UserRight::get_UserId()</Name>
              <FileRef uid="14" />
              <SequencePoints>
                <SequencePoint vc="0" uspid="9" ordinal="0" sl="9" sc="1" el="9" ec="2" bec="0" bev="0" fileid="14" />
              </SequencePoints>
              <BranchPoints />
              <MethodPoint vc="0" uspid="0" p8:type="SequencePoint" ordinal="1" offset="1" sc="0" sl="9" ec="1" el="9" bec="0" bev="0" fileid="14" xmlns:p8="xsi" />
            </Method>
            <Method cyclomaticComplexity="1" nPathComplexity="1" sequenceCoverage="0" branchCoverage="100" isConstructor="False" isGetter="True" isSetter="False" isStatic="True">
              <Summary numSequencePoints="1" visitedSequencePoints="0" numBranchPoints="0" visitedBranchPoints="0" sequenceCoverage="0" branchCoverage="100" maxCyclomaticComplexity="1" minCyclomaticComplexity="1" visitedClasses="0" numClasses="0" visitedMethods="0" numMethods="1" />
              <MetadataToken />
              <Name>System.Int32 Films.Domain.Entities.UserRight::get_RightId()</Name>
              <FileRef uid="14" />
              <SequencePoints>
                <SequencePoint vc="0" uspid="10" ordinal="0" sl="10" sc="1" el="10" ec="2" bec="0" bev="0" fileid="14" />
              </SequencePoints>
              <BranchPoints />
              <MethodPoint vc="0" uspid="0" p8:type="SequencePoint" ordinal="2" offset="2" sc="0" sl="10" ec="1" el="10" bec="0" bev="0" fileid="14" xmlns:p8="xsi" />
            </Method>
            <Method cyclomaticComplexity="1" nPathComplexity="1" sequenceCoverage="0" branchCoverage="100" isConstructor="False" isGetter="True" isSetter="False" isStatic="True">
              <Summary numSequencePoints="1" visitedSequencePoints="0" numBranchPoints="0" visitedBranchPoints="0" sequenceCoverage="0" branchCoverage="100" maxCyclomaticComplexity="1" minCyclomaticComplexity="1" visitedClasses="0" numClasses="0" visitedMethods="0" numMethods="1" />
              <MetadataToken />
              <Name>System.DateTime Films.Domain.Entities.UserRight::get_GrantedDate()</Name>
              <FileRef uid="14" />
              <SequencePoints>
                <SequencePoint vc="0" uspid="11" ordinal="0" sl="11" sc="1" el="11" ec="2" bec="0" bev="0" fileid="14" />
              </SequencePoints>
              <BranchPoints />
              <MethodPoint vc="0" uspid="0" p8:type="SequencePoint" ordinal="3" offset="3" sc="0" sl="11" ec="1" el="11" bec="0" bev="0" fileid="14" xmlns:p8="xsi" />
            </Method>
            <Method cyclomaticComplexity="1" nPathComplexity="1" sequenceCoverage="0" branchCoverage="100" isConstructor="False" isGetter="True" isSetter="False" isStatic="True">
              <Summary numSequencePoints="1" visitedSequencePoints="0" numBranchPoints="0" visitedBranchPoints="0" sequenceCoverage="0" branchCoverage="100" maxCyclomaticComplexity="1" minCyclomaticComplexity="1" visitedClasses="0" numClasses="0" visitedMethods="0" numMethods="1" />
              <MetadataToken />
              <Name>Films.Domain.Entities.User Films.Domain.Entities.UserRight::get_User()</Name>
              <FileRef uid="14" />
              <SequencePoints>
                <SequencePoint vc="0" uspid="14" ordinal="0" sl="14" sc="1" el="14" ec="2" bec="0" bev="0" fileid="14" />
              </SequencePoints>
              <BranchPoints />
              <MethodPoint vc="0" uspid="0" p8:type="SequencePoint" ordinal="4" offset="4" sc="0" sl="14" ec="1" el="14" bec="0" bev="0" fileid="14" xmlns:p8="xsi" />
            </Method>
            <Method cyclomaticComplexity="1" nPathComplexity="1" sequenceCoverage="0" branchCoverage="100" isConstructor="False" isGetter="True" isSetter="False" isStatic="True">
              <Summary numSequencePoints="1" visitedSequencePoints="0" numBranchPoints="0" visitedBranchPoints="0" sequenceCoverage="0" branchCoverage="100" maxCyclomaticComplexity="1" minCyclomaticComplexity="1" visitedClasses="0" numClasses="0" visitedMethods="0" numMethods="1" />
              <MetadataToken />
              <Name>Films.Domain.Entities.Right Films.Domain.Entities.UserRight::get_Right()</Name>
              <FileRef uid="14" />
              <SequencePoints>
                <SequencePoint vc="0" uspid="15" ordinal="0" sl="15" sc="1" el="15" ec="2" bec="0" bev="0" fileid="14" />
              </SequencePoints>
              <BranchPoints />
              <MethodPoint vc="0" uspid="0" p8:type="SequencePoint" ordinal="5" offset="5" sc="0" sl="15" ec="1" el="15" bec="0" bev="0" fileid="14" xmlns:p8="xsi" />
            </Method>
          </Methods>
        </Class>
      </Classes>
    </Module>
  </Modules>
</CoverageSession>